2022-07-06T08:07:02.8029900+04:30 [INF] (Microsoft.Hosting.Lifetime) Application started. Press Ctrl+C to shut down.
2022-07-06T08:07:02.8569969+04:30 [INF] (Microsoft.Hosting.Lifetime) Hosting environment: "Development"
2022-07-06T08:07:02.8581790+04:30 [INF] (Microsoft.Hosting.Lifetime) Content root path: "C:\Users\Kar1\Desktop\MyMarket\Market.EndPoint"
2022-07-06T08:11:53.0868724+04:30 [INF] (Microsoft.Hosting.Lifetime) Application started. Press Ctrl+C to shut down.
2022-07-06T08:11:53.1341490+04:30 [INF] (Microsoft.Hosting.Lifetime) Hosting environment: "Development"
2022-07-06T08:11:53.1353389+04:30 [INF] (Microsoft.Hosting.Lifetime) Content root path: "C:\Users\Kar1\Desktop\MyMarket\Market.EndPoint"
2022-07-06T08:18:07.8103343+04:30 [INF] (Microsoft.Hosting.Lifetime) Application started. Press Ctrl+C to shut down.
2022-07-06T08:18:07.8714829+04:30 [INF] (Microsoft.Hosting.Lifetime) Hosting environment: "Development"
2022-07-06T08:18:07.8727122+04:30 [INF] (Microsoft.Hosting.Lifetime) Content root path: "C:\Users\Kar1\Desktop\MyMarket\Market.EndPoint"
2022-07-06T09:25:47.4075175+04:30 [INF] (Microsoft.Hosting.Lifetime) Application started. Press Ctrl+C to shut down.
2022-07-06T09:25:47.4521856+04:30 [INF] (Microsoft.Hosting.Lifetime) Hosting environment: "Development"
2022-07-06T09:25:47.4534014+04:30 [INF] (Microsoft.Hosting.Lifetime) Content root path: "C:\Users\Kar1\Desktop\MyMarket\Market.EndPoint"
2022-07-06T09:26:46.3453842+04:30 [INF] (Microsoft.Hosting.Lifetime) Application started. Press Ctrl+C to shut down.
2022-07-06T09:26:46.3914096+04:30 [INF] (Microsoft.Hosting.Lifetime) Hosting environment: "Development"
2022-07-06T09:26:46.3927225+04:30 [INF] (Microsoft.Hosting.Lifetime) Content root path: "C:\Users\Kar1\Desktop\MyMarket\Market.EndPoint"
2022-07-06T09:28:43.9267505+04:30 [INF] (Microsoft.Hosting.Lifetime) Application started. Press Ctrl+C to shut down.
2022-07-06T09:28:43.9699059+04:30 [INF] (Microsoft.Hosting.Lifetime) Hosting environment: "Development"
2022-07-06T09:28:43.9710454+04:30 [INF] (Microsoft.Hosting.Lifetime) Content root path: "C:\Users\Kar1\Desktop\MyMarket\Market.EndPoint"
2022-07-06T09:57:06.5305939+04:30 [INF] (Microsoft.Hosting.Lifetime) Application started. Press Ctrl+C to shut down.
2022-07-06T09:57:06.5777282+04:30 [INF] (Microsoft.Hosting.Lifetime) Hosting environment: "Development"
2022-07-06T09:57:06.5788713+04:30 [INF] (Microsoft.Hosting.Lifetime) Content root path: "C:\Users\Kar1\Desktop\MyMarket\Market.EndPoint"
2022-07-06T09:58:57.1006504+04:30 [INF] (Microsoft.Hosting.Lifetime) Application started. Press Ctrl+C to shut down.
2022-07-06T09:58:57.1483340+04:30 [INF] (Microsoft.Hosting.Lifetime) Hosting environment: "Development"
2022-07-06T09:58:57.1494890+04:30 [INF] (Microsoft.Hosting.Lifetime) Content root path: "C:\Users\Kar1\Desktop\MyMarket\Market.EndPoint"
2022-07-06T09:59:08.2689067+04:30 [INF] (Microsoft.Hosting.Lifetime) Application started. Press Ctrl+C to shut down.
2022-07-06T09:59:08.3160366+04:30 [INF] (Microsoft.Hosting.Lifetime) Hosting environment: "Development"
2022-07-06T09:59:08.3171918+04:30 [INF] (Microsoft.Hosting.Lifetime) Content root path: "C:\Users\Kar1\Desktop\MyMarket\Market.EndPoint"
2022-07-06T10:04:22.6171243+04:30 [INF] (Microsoft.Hosting.Lifetime) Application started. Press Ctrl+C to shut down.
2022-07-06T10:04:22.6636506+04:30 [INF] (Microsoft.Hosting.Lifetime) Hosting environment: "Development"
2022-07-06T10:04:22.6647448+04:30 [INF] (Microsoft.Hosting.Lifetime) Content root path: "C:\Users\Kar1\Desktop\MyMarket\Market.EndPoint"
2022-07-06T10:05:05.4757167+04:30 [INF] (Microsoft.Hosting.Lifetime) Application started. Press Ctrl+C to shut down.
2022-07-06T10:05:05.5235970+04:30 [INF] (Microsoft.Hosting.Lifetime) Hosting environment: "Development"
2022-07-06T10:05:05.5248140+04:30 [INF] (Microsoft.Hosting.Lifetime) Content root path: "C:\Users\Kar1\Desktop\MyMarket\Market.EndPoint"
2022-07-06T10:24:40.1969458+04:30 [INF] (Microsoft.Hosting.Lifetime) Application started. Press Ctrl+C to shut down.
2022-07-06T10:24:40.2420020+04:30 [INF] (Microsoft.Hosting.Lifetime) Hosting environment: "Development"
2022-07-06T10:24:40.2431551+04:30 [INF] (Microsoft.Hosting.Lifetime) Content root path: "C:\Users\Kar1\Desktop\MyMarket\Market.EndPoint"
2022-07-06T10:29:30.1600161+04:30 [INF] (Microsoft.Hosting.Lifetime) Application started. Press Ctrl+C to shut down.
2022-07-06T10:29:30.2057108+04:30 [INF] (Microsoft.Hosting.Lifetime) Hosting environment: "Development"
2022-07-06T10:29:30.2068498+04:30 [INF] (Microsoft.Hosting.Lifetime) Content root path: "C:\Users\Kar1\Desktop\MyMarket\Market.EndPoint"
2022-07-06T10:34:11.8078802+04:30 [INF] (Microsoft.Hosting.Lifetime) Application started. Press Ctrl+C to shut down.
2022-07-06T10:34:11.8573747+04:30 [INF] (Microsoft.Hosting.Lifetime) Hosting environment: "Development"
2022-07-06T10:34:11.8585259+04:30 [INF] (Microsoft.Hosting.Lifetime) Content root path: "C:\Users\Kar1\Desktop\MyMarket\Market.EndPoint"
2022-07-06T10:34:53.1954356+04:30 [INF] (Microsoft.Hosting.Lifetime) Application started. Press Ctrl+C to shut down.
2022-07-06T10:34:53.2421360+04:30 [INF] (Microsoft.Hosting.Lifetime) Hosting environment: "Development"
2022-07-06T10:34:53.2435935+04:30 [INF] (Microsoft.Hosting.Lifetime) Content root path: "C:\Users\Kar1\Desktop\MyMarket\Market.EndPoint"
2022-07-06T10:36:14.8281008+04:30 [INF] (Microsoft.Hosting.Lifetime) Application started. Press Ctrl+C to shut down.
2022-07-06T10:36:14.8882096+04:30 [INF] (Microsoft.Hosting.Lifetime) Hosting environment: "Development"
2022-07-06T10:36:14.8894536+04:30 [INF] (Microsoft.Hosting.Lifetime) Content root path: "C:\Users\Kar1\Desktop\MyMarket\Market.EndPoint"
2022-07-06T10:39:08.2340828+04:30 [INF] (Microsoft.Hosting.Lifetime) Application started. Press Ctrl+C to shut down.
2022-07-06T10:39:08.2826018+04:30 [INF] (Microsoft.Hosting.Lifetime) Hosting environment: "Development"
2022-07-06T10:39:08.2837078+04:30 [INF] (Microsoft.Hosting.Lifetime) Content root path: "C:\Users\Kar1\Desktop\MyMarket\Market.EndPoint"
2022-07-06T10:39:52.7501999+04:30 [INF] (Microsoft.Hosting.Lifetime) Now listening on: "https://localhost:5001"
2022-07-06T10:39:52.7746924+04:30 [INF] (Microsoft.Hosting.Lifetime) Now listening on: "http://localhost:5000"
2022-07-06T10:39:52.7767911+04:30 [INF] (Microsoft.Hosting.Lifetime) Application started. Press Ctrl+C to shut down.
2022-07-06T10:39:52.7768472+04:30 [INF] (Microsoft.Hosting.Lifetime) Hosting environment: "Development"
2022-07-06T10:39:52.7768745+04:30 [INF] (Microsoft.Hosting.Lifetime) Content root path: "C:\Users\Kar1\Desktop\MyMarket\Market.EndPoint"
2022-07-06T10:40:59.2709226+04:30 [INF] (Microsoft.Hosting.Lifetime) Application started. Press Ctrl+C to shut down.
2022-07-06T10:40:59.3702419+04:30 [INF] (Microsoft.Hosting.Lifetime) Hosting environment: "Development"
2022-07-06T10:40:59.3713699+04:30 [INF] (Microsoft.Hosting.Lifetime) Content root path: "C:\Users\Kar1\Desktop\MyMarket\Market.EndPoint"
2022-07-06T10:45:11.8993781+04:30 [INF] (Microsoft.Hosting.Lifetime) Application started. Press Ctrl+C to shut down.
2022-07-06T10:45:11.9456612+04:30 [INF] (Microsoft.Hosting.Lifetime) Hosting environment: "Development"
2022-07-06T10:45:11.9468438+04:30 [INF] (Microsoft.Hosting.Lifetime) Content root path: "C:\Users\Kar1\Desktop\MyMarket\Market.EndPoint"
2022-07-06T10:47:00.7162524+04:30 [INF] (Microsoft.Hosting.Lifetime) Application started. Press Ctrl+C to shut down.
2022-07-06T10:47:00.7751962+04:30 [INF] (Microsoft.Hosting.Lifetime) Hosting environment: "Development"
2022-07-06T10:47:00.7763758+04:30 [INF] (Microsoft.Hosting.Lifetime) Content root path: "C:\Users\Kar1\Desktop\MyMarket\Market.EndPoint"
2022-07-06T11:06:27.2205559+04:30 [INF] (Microsoft.Hosting.Lifetime) Application started. Press Ctrl+C to shut down.
2022-07-06T11:06:27.2651024+04:30 [INF] (Microsoft.Hosting.Lifetime) Hosting environment: "Development"
2022-07-06T11:06:27.2662413+04:30 [INF] (Microsoft.Hosting.Lifetime) Content root path: "C:\Users\Kar1\Desktop\MyMarket\Market.EndPoint"
2022-07-06T11:07:45.0846144+04:30 [INF] (Microsoft.Hosting.Lifetime) Application started. Press Ctrl+C to shut down.
2022-07-06T11:07:45.1354995+04:30 [INF] (Microsoft.Hosting.Lifetime) Hosting environment: "Development"
2022-07-06T11:07:45.1382309+04:30 [INF] (Microsoft.Hosting.Lifetime) Content root path: "C:\Users\Kar1\Desktop\MyMarket\Market.EndPoint"
2022-07-06T11:08:21.2498386+04:30 [INF] (Microsoft.Hosting.Lifetime) Application started. Press Ctrl+C to shut down.
2022-07-06T11:08:21.3026586+04:30 [INF] (Microsoft.Hosting.Lifetime) Hosting environment: "Development"
2022-07-06T11:08:21.3054124+04:30 [INF] (Microsoft.Hosting.Lifetime) Content root path: "C:\Users\Kar1\Desktop\MyMarket\Market.EndPoint"
2022-07-06T11:18:24.2813405+04:30 [INF] (Microsoft.Hosting.Lifetime) Application started. Press Ctrl+C to shut down.
2022-07-06T11:18:24.3274800+04:30 [INF] (Microsoft.Hosting.Lifetime) Hosting environment: "Development"
2022-07-06T11:18:24.3286368+04:30 [INF] (Microsoft.Hosting.Lifetime) Content root path: "C:\Users\Kar1\Desktop\MyMarket\Market.EndPoint"
2022-07-06T11:20:34.2058548+04:30 [INF] (Microsoft.Hosting.Lifetime) Application started. Press Ctrl+C to shut down.
2022-07-06T11:20:34.2534888+04:30 [INF] (Microsoft.Hosting.Lifetime) Hosting environment: "Development"
2022-07-06T11:20:34.2546752+04:30 [INF] (Microsoft.Hosting.Lifetime) Content root path: "C:\Users\Kar1\Desktop\MyMarket\Market.EndPoint"
2022-07-06T11:21:11.2764322+04:30 [INF] (Microsoft.Hosting.Lifetime) Application started. Press Ctrl+C to shut down.
2022-07-06T11:21:11.3377758+04:30 [INF] (Microsoft.Hosting.Lifetime) Hosting environment: "Development"
2022-07-06T11:21:11.3399848+04:30 [INF] (Microsoft.Hosting.Lifetime) Content root path: "C:\Users\Kar1\Desktop\MyMarket\Market.EndPoint"
2022-07-06T11:24:25.0862898+04:30 [INF] (Microsoft.Hosting.Lifetime) Application started. Press Ctrl+C to shut down.
2022-07-06T11:24:25.1340797+04:30 [INF] (Microsoft.Hosting.Lifetime) Hosting environment: "Development"
2022-07-06T11:24:25.1352319+04:30 [INF] (Microsoft.Hosting.Lifetime) Content root path: "C:\Users\Kar1\Desktop\MyMarket\Market.EndPoint"
2022-07-06T11:26:53.8704015+04:30 [INF] (Microsoft.Hosting.Lifetime) Application started. Press Ctrl+C to shut down.
2022-07-06T11:26:53.9153236+04:30 [INF] (Microsoft.Hosting.Lifetime) Hosting environment: "Development"
2022-07-06T11:26:53.9164098+04:30 [INF] (Microsoft.Hosting.Lifetime) Content root path: "C:\Users\Kar1\Desktop\MyMarket\Market.EndPoint"
2022-07-06T11:32:38.3540174+04:30 [INF] (Microsoft.Hosting.Lifetime) Application started. Press Ctrl+C to shut down.
2022-07-06T11:32:38.4943550+04:30 [INF] (Microsoft.Hosting.Lifetime) Hosting environment: "Development"
2022-07-06T11:32:38.4955728+04:30 [INF] (Microsoft.Hosting.Lifetime) Content root path: "C:\Users\Kar1\Desktop\MyMarket\Market.EndPoint"
2022-07-06T11:39:31.5797171+04:30 [INF] (Microsoft.Hosting.Lifetime) Application started. Press Ctrl+C to shut down.
2022-07-06T11:39:31.6294639+04:30 [INF] (Microsoft.Hosting.Lifetime) Hosting environment: "Development"
2022-07-06T11:39:31.6306038+04:30 [INF] (Microsoft.Hosting.Lifetime) Content root path: "C:\Users\Kar1\Desktop\MyMarket\Market.EndPoint"
2022-07-06T11:43:48.9339052+04:30 [INF] (Microsoft.Hosting.Lifetime) Application started. Press Ctrl+C to shut down.
2022-07-06T11:43:48.9792295+04:30 [INF] (Microsoft.Hosting.Lifetime) Hosting environment: "Development"
2022-07-06T11:43:48.9803365+04:30 [INF] (Microsoft.Hosting.Lifetime) Content root path: "C:\Users\Kar1\Desktop\MyMarket\Market.EndPoint"
2022-07-06T11:44:39.3602935+04:30 [INF] (Microsoft.Hosting.Lifetime) Application started. Press Ctrl+C to shut down.
2022-07-06T11:44:39.4052676+04:30 [INF] (Microsoft.Hosting.Lifetime) Hosting environment: "Development"
2022-07-06T11:44:39.4063852+04:30 [INF] (Microsoft.Hosting.Lifetime) Content root path: "C:\Users\Kar1\Desktop\MyMarket\Market.EndPoint"
2022-07-06T11:45:27.3631758+04:30 [INF] (Microsoft.Hosting.Lifetime) Application started. Press Ctrl+C to shut down.
2022-07-06T11:45:27.4137214+04:30 [INF] (Microsoft.Hosting.Lifetime) Hosting environment: "Development"
2022-07-06T11:45:27.4149947+04:30 [INF] (Microsoft.Hosting.Lifetime) Content root path: "C:\Users\Kar1\Desktop\MyMarket\Market.EndPoint"
2022-07-06T11:46:30.6476802+04:30 [INF] (Microsoft.Hosting.Lifetime) Application started. Press Ctrl+C to shut down.
2022-07-06T11:46:30.6942737+04:30 [INF] (Microsoft.Hosting.Lifetime) Hosting environment: "Development"
2022-07-06T11:46:30.6954898+04:30 [INF] (Microsoft.Hosting.Lifetime) Content root path: "C:\Users\Kar1\Desktop\MyMarket\Market.EndPoint"
2022-07-06T11:50:27.8502617+04:30 [INF] (Microsoft.Hosting.Lifetime) Application started. Press Ctrl+C to shut down.
2022-07-06T11:50:27.8967859+04:30 [INF] (Microsoft.Hosting.Lifetime) Hosting environment: "Development"
2022-07-06T11:50:27.8980043+04:30 [INF] (Microsoft.Hosting.Lifetime) Content root path: "C:\Users\Kar1\Desktop\MyMarket\Market.EndPoint"
2022-07-06T11:51:08.8181297+04:30 [INF] (Microsoft.Hosting.Lifetime) Application started. Press Ctrl+C to shut down.
2022-07-06T11:51:08.8629247+04:30 [INF] (Microsoft.Hosting.Lifetime) Hosting environment: "Development"
2022-07-06T11:51:08.8640677+04:30 [INF] (Microsoft.Hosting.Lifetime) Content root path: "C:\Users\Kar1\Desktop\MyMarket\Market.EndPoint"
2022-07-06T11:57:31.4676508+04:30 [INF] (Microsoft.Hosting.Lifetime) Application started. Press Ctrl+C to shut down.
2022-07-06T11:57:31.5139438+04:30 [INF] (Microsoft.Hosting.Lifetime) Hosting environment: "Development"
2022-07-06T11:57:31.5151252+04:30 [INF] (Microsoft.Hosting.Lifetime) Content root path: "C:\Users\Kar1\Desktop\MyMarket\Market.EndPoint"
2022-07-06T11:59:58.7062171+04:30 [INF] (Microsoft.Hosting.Lifetime) Application started. Press Ctrl+C to shut down.
2022-07-06T11:59:58.7525589+04:30 [INF] (Microsoft.Hosting.Lifetime) Hosting environment: "Development"
2022-07-06T11:59:58.7542901+04:30 [INF] (Microsoft.Hosting.Lifetime) Content root path: "C:\Users\Kar1\Desktop\MyMarket\Market.EndPoint"
2022-07-06T12:02:42.4044903+04:30 [INF] (Microsoft.Hosting.Lifetime) Application started. Press Ctrl+C to shut down.
2022-07-06T12:02:42.4506989+04:30 [INF] (Microsoft.Hosting.Lifetime) Hosting environment: "Development"
2022-07-06T12:02:42.4518825+04:30 [INF] (Microsoft.Hosting.Lifetime) Content root path: "C:\Users\Kar1\Desktop\MyMarket\Market.EndPoint"
2022-07-06T12:03:44.5264275+04:30 [INF] (Microsoft.Hosting.Lifetime) Application started. Press Ctrl+C to shut down.
2022-07-06T12:03:44.5747840+04:30 [INF] (Microsoft.Hosting.Lifetime) Hosting environment: "Development"
2022-07-06T12:03:44.5762611+04:30 [INF] (Microsoft.Hosting.Lifetime) Content root path: "C:\Users\Kar1\Desktop\MyMarket\Market.EndPoint"
2022-07-06T12:29:05.9139178+04:30 [INF] (Microsoft.Hosting.Lifetime) Application started. Press Ctrl+C to shut down.
2022-07-06T12:29:05.9630494+04:30 [INF] (Microsoft.Hosting.Lifetime) Hosting environment: "Development"
2022-07-06T12:29:05.9641972+04:30 [INF] (Microsoft.Hosting.Lifetime) Content root path: "C:\Users\Kar1\Desktop\MyMarket\Market.EndPoint"
2022-07-06T12:30:55.9766836+04:30 [INF] (Microsoft.Hosting.Lifetime) Application started. Press Ctrl+C to shut down.
2022-07-06T12:30:56.0323619+04:30 [INF] (Microsoft.Hosting.Lifetime) Hosting environment: "Development"
2022-07-06T12:30:56.0335024+04:30 [INF] (Microsoft.Hosting.Lifetime) Content root path: "C:\Users\Kar1\Desktop\MyMarket\Market.EndPoint"
2022-07-06T12:35:38.3677589+04:30 [INF] (Microsoft.Hosting.Lifetime) Application started. Press Ctrl+C to shut down.
2022-07-06T12:35:38.4130978+04:30 [INF] (Microsoft.Hosting.Lifetime) Hosting environment: "Development"
2022-07-06T12:35:38.4142324+04:30 [INF] (Microsoft.Hosting.Lifetime) Content root path: "C:\Users\Kar1\Desktop\MyMarket\Market.EndPoint"
2022-07-06T12:37:28.9962227+04:30 [INF] (Microsoft.Hosting.Lifetime) Application started. Press Ctrl+C to shut down.
2022-07-06T12:37:29.0437142+04:30 [INF] (Microsoft.Hosting.Lifetime) Hosting environment: "Development"
2022-07-06T12:37:29.0448689+04:30 [INF] (Microsoft.Hosting.Lifetime) Content root path: "C:\Users\Kar1\Desktop\MyMarket\Market.EndPoint"
2022-07-06T12:38:59.3662219+04:30 [INF] (Microsoft.Hosting.Lifetime) Application started. Press Ctrl+C to shut down.
2022-07-06T12:38:59.4124396+04:30 [INF] (Microsoft.Hosting.Lifetime) Hosting environment: "Development"
2022-07-06T12:38:59.4139805+04:30 [INF] (Microsoft.Hosting.Lifetime) Content root path: "C:\Users\Kar1\Desktop\MyMarket\Market.EndPoint"
2022-07-06T12:40:00.1207714+04:30 [INF] (Microsoft.Hosting.Lifetime) Application started. Press Ctrl+C to shut down.
2022-07-06T12:40:00.1950949+04:30 [INF] (Microsoft.Hosting.Lifetime) Hosting environment: "Development"
2022-07-06T12:40:00.1996290+04:30 [INF] (Microsoft.Hosting.Lifetime) Content root path: "C:\Users\Kar1\Desktop\MyMarket\Market.EndPoint"
2022-07-06T12:40:44.1863846+04:30 [INF] (Microsoft.Hosting.Lifetime) Application started. Press Ctrl+C to shut down.
2022-07-06T12:40:44.2365800+04:30 [INF] (Microsoft.Hosting.Lifetime) Hosting environment: "Development"
2022-07-06T12:40:44.2377270+04:30 [INF] (Microsoft.Hosting.Lifetime) Content root path: "C:\Users\Kar1\Desktop\MyMarket\Market.EndPoint"
2022-07-06T12:49:03.8007435+04:30 [INF] (Microsoft.Hosting.Lifetime) Application started. Press Ctrl+C to shut down.
2022-07-06T12:49:03.8464020+04:30 [INF] (Microsoft.Hosting.Lifetime) Hosting environment: "Development"
2022-07-06T12:49:03.8476468+04:30 [INF] (Microsoft.Hosting.Lifetime) Content root path: "C:\Users\Kar1\Desktop\MyMarket\Market.EndPoint"
2022-07-06T12:53:15.9441419+04:30 [INF] (Microsoft.Hosting.Lifetime) Application started. Press Ctrl+C to shut down.
2022-07-06T12:53:15.9907230+04:30 [INF] (Microsoft.Hosting.Lifetime) Hosting environment: "Development"
2022-07-06T12:53:15.9918812+04:30 [INF] (Microsoft.Hosting.Lifetime) Content root path: "C:\Users\Kar1\Desktop\MyMarket\Market.EndPoint"
2022-07-06T13:08:01.5013311+04:30 [INF] (Microsoft.Hosting.Lifetime) Application started. Press Ctrl+C to shut down.
2022-07-06T13:08:01.5513414+04:30 [INF] (Microsoft.Hosting.Lifetime) Hosting environment: "Development"
2022-07-06T13:08:01.5524275+04:30 [INF] (Microsoft.Hosting.Lifetime) Content root path: "C:\Users\Kar1\Desktop\MyMarket\Market.EndPoint"
2022-07-06T13:10:30.9148900+04:30 [INF] (Microsoft.Hosting.Lifetime) Application started. Press Ctrl+C to shut down.
2022-07-06T13:10:30.9605878+04:30 [INF] (Microsoft.Hosting.Lifetime) Hosting environment: "Development"
2022-07-06T13:10:30.9617441+04:30 [INF] (Microsoft.Hosting.Lifetime) Content root path: "C:\Users\Kar1\Desktop\MyMarket\Market.EndPoint"
2022-07-06T14:03:31.9968744+04:30 [INF] (Microsoft.Hosting.Lifetime) Application started. Press Ctrl+C to shut down.
2022-07-06T14:03:32.0422093+04:30 [INF] (Microsoft.Hosting.Lifetime) Hosting environment: "Development"
2022-07-06T14:03:32.0433206+04:30 [INF] (Microsoft.Hosting.Lifetime) Content root path: "C:\Users\Kar1\Desktop\MyMarket\Market.EndPoint"
2022-07-06T14:04:16.0792353+04:30 [INF] (Microsoft.Hosting.Lifetime) Application started. Press Ctrl+C to shut down.
2022-07-06T14:04:16.1237985+04:30 [INF] (Microsoft.Hosting.Lifetime) Hosting environment: "Development"
2022-07-06T14:04:16.1248930+04:30 [INF] (Microsoft.Hosting.Lifetime) Content root path: "C:\Users\Kar1\Desktop\MyMarket\Market.EndPoint"
