2022-07-05T10:53:21.1762108+04:30 [WRN] (Microsoft.AspNetCore.HttpsPolicy.HttpsRedirectionMiddleware) Failed to determine the https port for redirect.
2022-07-05T10:53:22.6100606+04:30 [WRN] (Microsoft.EntityFrameworkCore.Model.Validation) Entity '"Cart"' has a global query filter defined and is the required end of a relationship with the entity '"CartPayingInfo"'. This may lead to unexpected results when the required entity is filtered out. Either configure the navigation as optional, or define matching query filters for both entities in the navigation. See https://go.microsoft.com/fwlink/?linkid=2131316 for more information.
2022-07-05T10:53:22.6107662+04:30 [WRN] (Microsoft.EntityFrameworkCore.Model.Validation) Entity '"Product"' has a global query filter defined and is the required end of a relationship with the entity '"ProductInventory"'. This may lead to unexpected results when the required entity is filtered out. Either configure the navigation as optional, or define matching query filters for both entities in the navigation. See https://go.microsoft.com/fwlink/?linkid=2131316 for more information.
2022-07-05T10:53:31.8557379+04:30 [ERR] (Market.EndPoint.Areas.Admin.Controllers.ProductController) No connection could be made because the target machine actively refused it. [::1]:7120 (localhost:7120)
2022-07-05T10:54:06.5834517+04:30 [WRN] (Microsoft.AspNetCore.HttpsPolicy.HttpsRedirectionMiddleware) Failed to determine the https port for redirect.
2022-07-05T10:54:07.8177772+04:30 [WRN] (Microsoft.EntityFrameworkCore.Model.Validation) Entity '"Cart"' has a global query filter defined and is the required end of a relationship with the entity '"CartPayingInfo"'. This may lead to unexpected results when the required entity is filtered out. Either configure the navigation as optional, or define matching query filters for both entities in the navigation. See https://go.microsoft.com/fwlink/?linkid=2131316 for more information.
2022-07-05T10:54:07.8183230+04:30 [WRN] (Microsoft.EntityFrameworkCore.Model.Validation) Entity '"Product"' has a global query filter defined and is the required end of a relationship with the entity '"ProductInventory"'. This may lead to unexpected results when the required entity is filtered out. Either configure the navigation as optional, or define matching query filters for both entities in the navigation. See https://go.microsoft.com/fwlink/?linkid=2131316 for more information.
2022-07-05T10:54:35.6042851+04:30 [ERR] (Market.EndPoint.Areas.Admin.Controllers.ProductController) No connection could be made because the target machine actively refused it. [::1]:7120 (localhost:7120)
2022-07-05T11:05:57.3371528+04:30 [WRN] (Microsoft.AspNetCore.HttpsPolicy.HttpsRedirectionMiddleware) Failed to determine the https port for redirect.
2022-07-05T11:05:58.5914847+04:30 [WRN] (Microsoft.EntityFrameworkCore.Model.Validation) Entity '"Cart"' has a global query filter defined and is the required end of a relationship with the entity '"CartPayingInfo"'. This may lead to unexpected results when the required entity is filtered out. Either configure the navigation as optional, or define matching query filters for both entities in the navigation. See https://go.microsoft.com/fwlink/?linkid=2131316 for more information.
2022-07-05T11:05:58.5920660+04:30 [WRN] (Microsoft.EntityFrameworkCore.Model.Validation) Entity '"Product"' has a global query filter defined and is the required end of a relationship with the entity '"ProductInventory"'. This may lead to unexpected results when the required entity is filtered out. Either configure the navigation as optional, or define matching query filters for both entities in the navigation. See https://go.microsoft.com/fwlink/?linkid=2131316 for more information.
2022-07-05T11:08:43.9087567+04:30 [ERR] (Microsoft.AspNetCore.Diagnostics.DeveloperExceptionPageMiddleware) An unhandled exception has occurred while executing the request.
System.InvalidOperationException: There was an error generating the XML document.
 ---> System.InvalidOperationException: The type Common.ViewModels.SearchViewModel was not expected. Use the XmlInclude or SoapInclude attribute to specify types that are not known statically.
   at System.Xml.Serialization.XmlSerializationWriter.WriteTypedPrimitive(String name, String ns, Object o, Boolean xsiType)
   at Microsoft.Xml.Serialization.GeneratedAssembly.XmlSerializationWriterObjectArray.Write1_Object(String n, String ns, Object o, Boolean isNullable, Boolean needType)
   at Microsoft.Xml.Serialization.GeneratedAssembly.XmlSerializationWriterObjectArray.Write2_ArrayOfAnyType(Object o)
   --- End of inner exception stack trace ---
   at System.Xml.Serialization.XmlSerializer.Serialize(XmlWriter xmlWriter, Object o, XmlSerializerNamespaces namespaces, String encodingStyle, String id)
   at System.Xml.Serialization.XmlSerializer.Serialize(TextWriter textWriter, Object o)
   at Common.Utilities.XmlConvertor`1.ToXML(Class source) in C:\Users\Kar1\Desktop\MyMarket\Common\Utilities\XmlConvertor.cs:line 17
   at Application.Services.Admin.Excel.Commands.CreateExcelKey.CreateExcelKeyService.Execute(Object[] model) in C:\Users\Kar1\Desktop\MyMarket\Application\Services\Admin\Excel\Commands\CreateExcelKey\ICreateExcelKeyService.cs:line 29
   at Market.EndPoint.Areas.Admin.Controllers.ProductController.CreateExcelConfirmed() in C:\Users\Kar1\Desktop\MyMarket\Market.EndPoint\Areas\Admin\Controllers\ProductController.cs:line 232
   at Microsoft.AspNetCore.Mvc.Infrastructure.ActionMethodExecutor.TaskOfIActionResultExecutor.Execute(IActionResultTypeMapper mapper, ObjectMethodExecutor executor, Object controller, Object[] arguments)
   at Microsoft.AspNetCore.Mvc.Infrastructure.ControllerActionInvoker.<InvokeActionMethodAsync>g__Logged|12_1(ControllerActionInvoker invoker)
   at Microsoft.AspNetCore.Mvc.Infrastructure.ControllerActionInvoker.<InvokeNextActionFilterAsync>g__Awaited|10_0(ControllerActionInvoker invoker, Task lastTask, State next, Scope scope, Object state, Boolean isCompleted)
   at Microsoft.AspNetCore.Mvc.Infrastructure.ControllerActionInvoker.Rethrow(ActionExecutedContextSealed context)
   at Microsoft.AspNetCore.Mvc.Infrastructure.ControllerActionInvoker.Next(State& next, Scope& scope, Object& state, Boolean& isCompleted)
   at Microsoft.AspNetCore.Mvc.Infrastructure.ControllerActionInvoker.InvokeInnerFilterAsync()
--- End of stack trace from previous location ---
   at Microsoft.AspNetCore.Mvc.Infrastructure.ResourceInvoker.<InvokeNextResourceFilter>g__Awaited|25_0(ResourceInvoker invoker, Task lastTask, State next, Scope scope, Object state, Boolean isCompleted)
   at Microsoft.AspNetCore.Mvc.Infrastructure.ResourceInvoker.Rethrow(ResourceExecutedContextSealed context)
   at Microsoft.AspNetCore.Mvc.Infrastructure.ResourceInvoker.Next(State& next, Scope& scope, Object& state, Boolean& isCompleted)
   at Microsoft.AspNetCore.Mvc.Infrastructure.ResourceInvoker.InvokeFilterPipelineAsync()
--- End of stack trace from previous location ---
   at Microsoft.AspNetCore.Mvc.Infrastructure.ResourceInvoker.<InvokeAsync>g__Logged|17_1(ResourceInvoker invoker)
   at Microsoft.AspNetCore.Mvc.Infrastructure.ResourceInvoker.<InvokeAsync>g__Logged|17_1(ResourceInvoker invoker)
   at Microsoft.AspNetCore.Routing.EndpointMiddleware.<Invoke>g__AwaitRequestTask|6_0(Endpoint endpoint, Task requestTask, ILogger logger)
   at Microsoft.AspNetCore.Authorization.Policy.AuthorizationMiddlewareResultHandler.HandleAsync(RequestDelegate next, HttpContext context, AuthorizationPolicy policy, PolicyAuthorizationResult authorizeResult)
   at Microsoft.AspNetCore.Authorization.AuthorizationMiddleware.Invoke(HttpContext context)
   at Microsoft.AspNetCore.Authentication.AuthenticationMiddleware.Invoke(HttpContext context)
   at Microsoft.AspNetCore.Diagnostics.DeveloperExceptionPageMiddleware.Invoke(HttpContext context)
2022-07-05T11:13:53.0524020+04:30 [WRN] (Microsoft.AspNetCore.HttpsPolicy.HttpsRedirectionMiddleware) Failed to determine the https port for redirect.
2022-07-05T11:13:55.0521975+04:30 [WRN] (Microsoft.EntityFrameworkCore.Model.Validation) Entity '"Cart"' has a global query filter defined and is the required end of a relationship with the entity '"CartPayingInfo"'. This may lead to unexpected results when the required entity is filtered out. Either configure the navigation as optional, or define matching query filters for both entities in the navigation. See https://go.microsoft.com/fwlink/?linkid=2131316 for more information.
2022-07-05T11:13:55.0528035+04:30 [WRN] (Microsoft.EntityFrameworkCore.Model.Validation) Entity '"Product"' has a global query filter defined and is the required end of a relationship with the entity '"ProductInventory"'. This may lead to unexpected results when the required entity is filtered out. Either configure the navigation as optional, or define matching query filters for both entities in the navigation. See https://go.microsoft.com/fwlink/?linkid=2131316 for more information.
2022-07-05T11:32:34.5858347+04:30 [WRN] (Microsoft.AspNetCore.HttpsPolicy.HttpsRedirectionMiddleware) Failed to determine the https port for redirect.
2022-07-05T11:32:36.4267831+04:30 [WRN] (Microsoft.EntityFrameworkCore.Model.Validation) Entity '"Cart"' has a global query filter defined and is the required end of a relationship with the entity '"CartPayingInfo"'. This may lead to unexpected results when the required entity is filtered out. Either configure the navigation as optional, or define matching query filters for both entities in the navigation. See https://go.microsoft.com/fwlink/?linkid=2131316 for more information.
2022-07-05T11:32:36.4269502+04:30 [WRN] (Microsoft.EntityFrameworkCore.Model.Validation) Entity '"Product"' has a global query filter defined and is the required end of a relationship with the entity '"ProductInventory"'. This may lead to unexpected results when the required entity is filtered out. Either configure the navigation as optional, or define matching query filters for both entities in the navigation. See https://go.microsoft.com/fwlink/?linkid=2131316 for more information.
2022-07-05T11:32:52.1951717+04:30 [ERR] (Market.EndPoint.Areas.Admin.Controllers.ProductController) No connection could be made because the target machine actively refused it. [::1]:7120 (localhost:7120)
2022-07-05T11:46:04.7286308+04:30 [WRN] (Microsoft.AspNetCore.HttpsPolicy.HttpsRedirectionMiddleware) Failed to determine the https port for redirect.
2022-07-05T11:46:05.9748802+04:30 [WRN] (Microsoft.EntityFrameworkCore.Model.Validation) Entity '"Cart"' has a global query filter defined and is the required end of a relationship with the entity '"CartPayingInfo"'. This may lead to unexpected results when the required entity is filtered out. Either configure the navigation as optional, or define matching query filters for both entities in the navigation. See https://go.microsoft.com/fwlink/?linkid=2131316 for more information.
2022-07-05T11:46:05.9753720+04:30 [WRN] (Microsoft.EntityFrameworkCore.Model.Validation) Entity '"Product"' has a global query filter defined and is the required end of a relationship with the entity '"ProductInventory"'. This may lead to unexpected results when the required entity is filtered out. Either configure the navigation as optional, or define matching query filters for both entities in the navigation. See https://go.microsoft.com/fwlink/?linkid=2131316 for more information.
2022-07-05T11:46:15.6458472+04:30 [ERR] (Market.EndPoint.Areas.Admin.Controllers.ProductController) No connection could be made because the target machine actively refused it. [::1]:7120 (localhost:7120)
2022-07-05T11:51:59.1107396+04:30 [WRN] (Microsoft.AspNetCore.HttpsPolicy.HttpsRedirectionMiddleware) Failed to determine the https port for redirect.
2022-07-05T11:52:00.3533836+04:30 [WRN] (Microsoft.EntityFrameworkCore.Model.Validation) Entity '"Cart"' has a global query filter defined and is the required end of a relationship with the entity '"CartPayingInfo"'. This may lead to unexpected results when the required entity is filtered out. Either configure the navigation as optional, or define matching query filters for both entities in the navigation. See https://go.microsoft.com/fwlink/?linkid=2131316 for more information.
2022-07-05T11:52:00.3539253+04:30 [WRN] (Microsoft.EntityFrameworkCore.Model.Validation) Entity '"Product"' has a global query filter defined and is the required end of a relationship with the entity '"ProductInventory"'. This may lead to unexpected results when the required entity is filtered out. Either configure the navigation as optional, or define matching query filters for both entities in the navigation. See https://go.microsoft.com/fwlink/?linkid=2131316 for more information.
2022-07-05T12:11:49.2443092+04:30 [WRN] (Microsoft.AspNetCore.HttpsPolicy.HttpsRedirectionMiddleware) Failed to determine the https port for redirect.
2022-07-05T12:11:50.3854128+04:30 [WRN] (Microsoft.EntityFrameworkCore.Model.Validation) Entity '"Cart"' has a global query filter defined and is the required end of a relationship with the entity '"CartPayingInfo"'. This may lead to unexpected results when the required entity is filtered out. Either configure the navigation as optional, or define matching query filters for both entities in the navigation. See https://go.microsoft.com/fwlink/?linkid=2131316 for more information.
2022-07-05T12:11:50.3855963+04:30 [WRN] (Microsoft.EntityFrameworkCore.Model.Validation) Entity '"Product"' has a global query filter defined and is the required end of a relationship with the entity '"ProductInventory"'. This may lead to unexpected results when the required entity is filtered out. Either configure the navigation as optional, or define matching query filters for both entities in the navigation. See https://go.microsoft.com/fwlink/?linkid=2131316 for more information.
2022-07-05T12:13:11.5118497+04:30 [WRN] (Microsoft.AspNetCore.HttpsPolicy.HttpsRedirectionMiddleware) Failed to determine the https port for redirect.
2022-07-05T12:13:20.4486283+04:30 [WRN] (Microsoft.AspNetCore.HttpsPolicy.HttpsRedirectionMiddleware) Failed to determine the https port for redirect.
2022-07-05T12:13:21.7314401+04:30 [WRN] (Microsoft.EntityFrameworkCore.Model.Validation) Entity '"Cart"' has a global query filter defined and is the required end of a relationship with the entity '"CartPayingInfo"'. This may lead to unexpected results when the required entity is filtered out. Either configure the navigation as optional, or define matching query filters for both entities in the navigation. See https://go.microsoft.com/fwlink/?linkid=2131316 for more information.
2022-07-05T12:13:21.7319697+04:30 [WRN] (Microsoft.EntityFrameworkCore.Model.Validation) Entity '"Product"' has a global query filter defined and is the required end of a relationship with the entity '"ProductInventory"'. This may lead to unexpected results when the required entity is filtered out. Either configure the navigation as optional, or define matching query filters for both entities in the navigation. See https://go.microsoft.com/fwlink/?linkid=2131316 for more information.
2022-07-05T14:36:21.2631288+04:30 [WRN] (Microsoft.AspNetCore.HttpsPolicy.HttpsRedirectionMiddleware) Failed to determine the https port for redirect.
2022-07-05T14:36:22.4303739+04:30 [WRN] (Microsoft.EntityFrameworkCore.Model.Validation) Entity '"Cart"' has a global query filter defined and is the required end of a relationship with the entity '"CartPayingInfo"'. This may lead to unexpected results when the required entity is filtered out. Either configure the navigation as optional, or define matching query filters for both entities in the navigation. See https://go.microsoft.com/fwlink/?linkid=2131316 for more information.
2022-07-05T14:36:22.4305282+04:30 [WRN] (Microsoft.EntityFrameworkCore.Model.Validation) Entity '"SearchFilter"' has a global query filter defined and is the required end of a relationship with the entity '"ExcelStatus"'. This may lead to unexpected results when the required entity is filtered out. Either configure the navigation as optional, or define matching query filters for both entities in the navigation. See https://go.microsoft.com/fwlink/?linkid=2131316 for more information.
2022-07-05T14:36:22.4306357+04:30 [WRN] (Microsoft.EntityFrameworkCore.Model.Validation) Entity '"Product"' has a global query filter defined and is the required end of a relationship with the entity '"ProductInventory"'. This may lead to unexpected results when the required entity is filtered out. Either configure the navigation as optional, or define matching query filters for both entities in the navigation. See https://go.microsoft.com/fwlink/?linkid=2131316 for more information.
2022-07-05T14:36:58.7010367+04:30 [ERR] (Market.EndPoint.Areas.Admin.Controllers.ProductController) No connection could be made because the target machine actively refused it. [::1]:7120 (localhost:7120)
2022-07-05T15:01:16.3905706+04:30 [WRN] (Microsoft.AspNetCore.HttpsPolicy.HttpsRedirectionMiddleware) Failed to determine the https port for redirect.
2022-07-05T15:01:17.6141167+04:30 [WRN] (Microsoft.EntityFrameworkCore.Model.Validation) Entity '"Cart"' has a global query filter defined and is the required end of a relationship with the entity '"CartPayingInfo"'. This may lead to unexpected results when the required entity is filtered out. Either configure the navigation as optional, or define matching query filters for both entities in the navigation. See https://go.microsoft.com/fwlink/?linkid=2131316 for more information.
2022-07-05T15:01:17.6146042+04:30 [WRN] (Microsoft.EntityFrameworkCore.Model.Validation) Entity '"SearchFilter"' has a global query filter defined and is the required end of a relationship with the entity '"ExcelStatus"'. This may lead to unexpected results when the required entity is filtered out. Either configure the navigation as optional, or define matching query filters for both entities in the navigation. See https://go.microsoft.com/fwlink/?linkid=2131316 for more information.
2022-07-05T15:01:17.6146499+04:30 [WRN] (Microsoft.EntityFrameworkCore.Model.Validation) Entity '"Product"' has a global query filter defined and is the required end of a relationship with the entity '"ProductInventory"'. This may lead to unexpected results when the required entity is filtered out. Either configure the navigation as optional, or define matching query filters for both entities in the navigation. See https://go.microsoft.com/fwlink/?linkid=2131316 for more information.
2022-07-05T15:02:15.7378101+04:30 [ERR] (Microsoft.EntityFrameworkCore.Database.Command) Failed executing DbCommand ("47"ms) [Parameters=["@p0='?' (Size = 4000), @p1='?' (DbType = Boolean), @p2='?' (DbType = DateTime2), @p3='?' (DbType = Int32), @p4='?' (DbType = Int32)"], CommandType='Text', CommandTimeout='30']"
""SET NOCOUNT ON;
INSERT INTO [ExcelStatuses] ([FileName], [IsRemoved], [RemoveTime], [SearchFilterId], [Status])
VALUES (@p0, @p1, @p2, @p3, @p4);
SELECT [Id]
FROM [ExcelStatuses]
WHERE @@ROWCOUNT = 1 AND [Id] = scope_identity();"
2022-07-05T15:02:15.8045183+04:30 [ERR] (Microsoft.EntityFrameworkCore.Update) An exception occurred in the database while saving changes for context type '"Persistance.Context.DataBaseContext"'."
""Microsoft.EntityFrameworkCore.DbUpdateException: An error occurred while saving the entity changes. See the inner exception for details.
 ---> Microsoft.Data.SqlClient.SqlException (0x80131904): The INSERT statement conflicted with the FOREIGN KEY constraint \"FK_ExcelStatuses_SearchFilter_SearchFilterId\". The conflict occurred in database \"Market_DB\", table \"dbo.SearchFilter\", column 'Id'.
The statement has been terminated.
   at Microsoft.Data.SqlClient.SqlCommand.<>c.<ExecuteDbDataReaderAsync>b__188_0(Task`1 result)
   at System.Threading.Tasks.ContinuationResultTaskFromResultTask`2.InnerInvoke()
   at System.Threading.Tasks.Task.<>c.<.cctor>b__272_0(Object obj)
   at System.Threading.ExecutionContext.RunInternal(ExecutionContext executionContext, ContextCallback callback, Object state)
--- End of stack trace from previous location ---
   at System.Threading.ExecutionContext.RunInternal(ExecutionContext executionContext, ContextCallback callback, Object state)
   at System.Threading.Tasks.Task.ExecuteWithThreadLocal(Task& currentTaskSlot, Thread threadPoolThread)
--- End of stack trace from previous location ---
   at Microsoft.EntityFrameworkCore.Storage.RelationalCommand.ExecuteReaderAsync(RelationalCommandParameterObject parameterObject, CancellationToken cancellationToken)
   at Microsoft.EntityFrameworkCore.Storage.RelationalCommand.ExecuteReaderAsync(RelationalCommandParameterObject parameterObject, CancellationToken cancellationToken)
   at Microsoft.EntityFrameworkCore.Update.ReaderModificationCommandBatch.ExecuteAsync(IRelationalConnection connection, CancellationToken cancellationToken)
ClientConnectionId:44a2fdde-8687-4d8c-bbad-232c67e6129c
Error Number:547,State:0,Class:16
   --- End of inner exception stack trace ---
   at Microsoft.EntityFrameworkCore.Update.ReaderModificationCommandBatch.ExecuteAsync(IRelationalConnection connection, CancellationToken cancellationToken)
   at Microsoft.EntityFrameworkCore.Update.Internal.BatchExecutor.ExecuteAsync(IEnumerable`1 commandBatches, IRelationalConnection connection, CancellationToken cancellationToken)
   at Microsoft.EntityFrameworkCore.Update.Internal.BatchExecutor.ExecuteAsync(IEnumerable`1 commandBatches, IRelationalConnection connection, CancellationToken cancellationToken)
   at Microsoft.EntityFrameworkCore.Update.Internal.BatchExecutor.ExecuteAsync(IEnumerable`1 commandBatches, IRelationalConnection connection, CancellationToken cancellationToken)
   at Microsoft.EntityFrameworkCore.ChangeTracking.Internal.StateManager.SaveChangesAsync(IList`1 entriesToSave, CancellationToken cancellationToken)
   at Microsoft.EntityFrameworkCore.ChangeTracking.Internal.StateManager.SaveChangesAsync(StateManager stateManager, Boolean acceptAllChangesOnSuccess, CancellationToken cancellationToken)
   at Microsoft.EntityFrameworkCore.SqlServer.Storage.Internal.SqlServerExecutionStrategy.ExecuteAsync[TState,TResult](TState state, Func`4 operation, Func`4 verifySucceeded, CancellationToken cancellationToken)
   at Microsoft.EntityFrameworkCore.DbContext.SaveChangesAsync(Boolean acceptAllChangesOnSuccess, CancellationToken cancellationToken)"
Microsoft.EntityFrameworkCore.DbUpdateException: An error occurred while saving the entity changes. See the inner exception for details.
 ---> Microsoft.Data.SqlClient.SqlException (0x80131904): The INSERT statement conflicted with the FOREIGN KEY constraint "FK_ExcelStatuses_SearchFilter_SearchFilterId". The conflict occurred in database "Market_DB", table "dbo.SearchFilter", column 'Id'.
The statement has been terminated.
   at Microsoft.Data.SqlClient.SqlCommand.<>c.<ExecuteDbDataReaderAsync>b__188_0(Task`1 result)
   at System.Threading.Tasks.ContinuationResultTaskFromResultTask`2.InnerInvoke()
   at System.Threading.Tasks.Task.<>c.<.cctor>b__272_0(Object obj)
   at System.Threading.ExecutionContext.RunInternal(ExecutionContext executionContext, ContextCallback callback, Object state)
--- End of stack trace from previous location ---
   at System.Threading.ExecutionContext.RunInternal(ExecutionContext executionContext, ContextCallback callback, Object state)
   at System.Threading.Tasks.Task.ExecuteWithThreadLocal(Task& currentTaskSlot, Thread threadPoolThread)
--- End of stack trace from previous location ---
   at Microsoft.EntityFrameworkCore.Storage.RelationalCommand.ExecuteReaderAsync(RelationalCommandParameterObject parameterObject, CancellationToken cancellationToken)
   at Microsoft.EntityFrameworkCore.Storage.RelationalCommand.ExecuteReaderAsync(RelationalCommandParameterObject parameterObject, CancellationToken cancellationToken)
   at Microsoft.EntityFrameworkCore.Update.ReaderModificationCommandBatch.ExecuteAsync(IRelationalConnection connection, CancellationToken cancellationToken)
ClientConnectionId:44a2fdde-8687-4d8c-bbad-232c67e6129c
Error Number:547,State:0,Class:16
   --- End of inner exception stack trace ---
   at Microsoft.EntityFrameworkCore.Update.ReaderModificationCommandBatch.ExecuteAsync(IRelationalConnection connection, CancellationToken cancellationToken)
   at Microsoft.EntityFrameworkCore.Update.Internal.BatchExecutor.ExecuteAsync(IEnumerable`1 commandBatches, IRelationalConnection connection, CancellationToken cancellationToken)
   at Microsoft.EntityFrameworkCore.Update.Internal.BatchExecutor.ExecuteAsync(IEnumerable`1 commandBatches, IRelationalConnection connection, CancellationToken cancellationToken)
   at Microsoft.EntityFrameworkCore.Update.Internal.BatchExecutor.ExecuteAsync(IEnumerable`1 commandBatches, IRelationalConnection connection, CancellationToken cancellationToken)
   at Microsoft.EntityFrameworkCore.ChangeTracking.Internal.StateManager.SaveChangesAsync(IList`1 entriesToSave, CancellationToken cancellationToken)
   at Microsoft.EntityFrameworkCore.ChangeTracking.Internal.StateManager.SaveChangesAsync(StateManager stateManager, Boolean acceptAllChangesOnSuccess, CancellationToken cancellationToken)
   at Microsoft.EntityFrameworkCore.SqlServer.Storage.Internal.SqlServerExecutionStrategy.ExecuteAsync[TState,TResult](TState state, Func`4 operation, Func`4 verifySucceeded, CancellationToken cancellationToken)
   at Microsoft.EntityFrameworkCore.DbContext.SaveChangesAsync(Boolean acceptAllChangesOnSuccess, CancellationToken cancellationToken)
2022-07-05T15:02:16.0274269+04:30 [ERR] (Microsoft.AspNetCore.Diagnostics.DeveloperExceptionPageMiddleware) An unhandled exception has occurred while executing the request.
Microsoft.EntityFrameworkCore.DbUpdateException: An error occurred while saving the entity changes. See the inner exception for details.
 ---> Microsoft.Data.SqlClient.SqlException (0x80131904): The INSERT statement conflicted with the FOREIGN KEY constraint "FK_ExcelStatuses_SearchFilter_SearchFilterId". The conflict occurred in database "Market_DB", table "dbo.SearchFilter", column 'Id'.
The statement has been terminated.
   at Microsoft.Data.SqlClient.SqlCommand.<>c.<ExecuteDbDataReaderAsync>b__188_0(Task`1 result)
   at System.Threading.Tasks.ContinuationResultTaskFromResultTask`2.InnerInvoke()
   at System.Threading.Tasks.Task.<>c.<.cctor>b__272_0(Object obj)
   at System.Threading.ExecutionContext.RunInternal(ExecutionContext executionContext, ContextCallback callback, Object state)
--- End of stack trace from previous location ---
   at System.Threading.ExecutionContext.RunInternal(ExecutionContext executionContext, ContextCallback callback, Object state)
   at System.Threading.Tasks.Task.ExecuteWithThreadLocal(Task& currentTaskSlot, Thread threadPoolThread)
--- End of stack trace from previous location ---
   at Microsoft.EntityFrameworkCore.Storage.RelationalCommand.ExecuteReaderAsync(RelationalCommandParameterObject parameterObject, CancellationToken cancellationToken)
   at Microsoft.EntityFrameworkCore.Storage.RelationalCommand.ExecuteReaderAsync(RelationalCommandParameterObject parameterObject, CancellationToken cancellationToken)
   at Microsoft.EntityFrameworkCore.Update.ReaderModificationCommandBatch.ExecuteAsync(IRelationalConnection connection, CancellationToken cancellationToken)
ClientConnectionId:44a2fdde-8687-4d8c-bbad-232c67e6129c
Error Number:547,State:0,Class:16
   --- End of inner exception stack trace ---
   at Microsoft.EntityFrameworkCore.Update.ReaderModificationCommandBatch.ExecuteAsync(IRelationalConnection connection, CancellationToken cancellationToken)
   at Microsoft.EntityFrameworkCore.Update.Internal.BatchExecutor.ExecuteAsync(IEnumerable`1 commandBatches, IRelationalConnection connection, CancellationToken cancellationToken)
   at Microsoft.EntityFrameworkCore.Update.Internal.BatchExecutor.ExecuteAsync(IEnumerable`1 commandBatches, IRelationalConnection connection, CancellationToken cancellationToken)
   at Microsoft.EntityFrameworkCore.Update.Internal.BatchExecutor.ExecuteAsync(IEnumerable`1 commandBatches, IRelationalConnection connection, CancellationToken cancellationToken)
   at Microsoft.EntityFrameworkCore.ChangeTracking.Internal.StateManager.SaveChangesAsync(IList`1 entriesToSave, CancellationToken cancellationToken)
   at Microsoft.EntityFrameworkCore.ChangeTracking.Internal.StateManager.SaveChangesAsync(StateManager stateManager, Boolean acceptAllChangesOnSuccess, CancellationToken cancellationToken)
   at Microsoft.EntityFrameworkCore.SqlServer.Storage.Internal.SqlServerExecutionStrategy.ExecuteAsync[TState,TResult](TState state, Func`4 operation, Func`4 verifySucceeded, CancellationToken cancellationToken)
   at Microsoft.EntityFrameworkCore.DbContext.SaveChangesAsync(Boolean acceptAllChangesOnSuccess, CancellationToken cancellationToken)
   at Microsoft.EntityFrameworkCore.DbContext.SaveChangesAsync(Boolean acceptAllChangesOnSuccess, CancellationToken cancellationToken)
   at Application.Services.Admin.Excel.Commands.CreateExcelKey.CreateExcelKeyService.Execute() in C:\Users\Kar1\Desktop\MyMarket\Application\Services\Admin\Excel\Commands\CreateExcelKey\ICreateExcelKeyService.cs:line 35
   at Market.EndPoint.Areas.Admin.Controllers.ProductController.CreateExcelConfirmed() in C:\Users\Kar1\Desktop\MyMarket\Market.EndPoint\Areas\Admin\Controllers\ProductController.cs:line 235
   at Microsoft.AspNetCore.Mvc.Infrastructure.ActionMethodExecutor.TaskOfIActionResultExecutor.Execute(IActionResultTypeMapper mapper, ObjectMethodExecutor executor, Object controller, Object[] arguments)
   at Microsoft.AspNetCore.Mvc.Infrastructure.ControllerActionInvoker.<InvokeActionMethodAsync>g__Logged|12_1(ControllerActionInvoker invoker)
   at Microsoft.AspNetCore.Mvc.Infrastructure.ControllerActionInvoker.<InvokeNextActionFilterAsync>g__Awaited|10_0(ControllerActionInvoker invoker, Task lastTask, State next, Scope scope, Object state, Boolean isCompleted)
   at Microsoft.AspNetCore.Mvc.Infrastructure.ControllerActionInvoker.Rethrow(ActionExecutedContextSealed context)
   at Microsoft.AspNetCore.Mvc.Infrastructure.ControllerActionInvoker.Next(State& next, Scope& scope, Object& state, Boolean& isCompleted)
   at Microsoft.AspNetCore.Mvc.Infrastructure.ControllerActionInvoker.<InvokeInnerFilterAsync>g__Awaited|13_0(ControllerActionInvoker invoker, Task lastTask, State next, Scope scope, Object state, Boolean isCompleted)
   at Microsoft.AspNetCore.Mvc.Infrastructure.ResourceInvoker.<InvokeNextResourceFilter>g__Awaited|25_0(ResourceInvoker invoker, Task lastTask, State next, Scope scope, Object state, Boolean isCompleted)
   at Microsoft.AspNetCore.Mvc.Infrastructure.ResourceInvoker.Rethrow(ResourceExecutedContextSealed context)
   at Microsoft.AspNetCore.Mvc.Infrastructure.ResourceInvoker.Next(State& next, Scope& scope, Object& state, Boolean& isCompleted)
   at Microsoft.AspNetCore.Mvc.Infrastructure.ResourceInvoker.<InvokeFilterPipelineAsync>g__Awaited|20_0(ResourceInvoker invoker, Task lastTask, State next, Scope scope, Object state, Boolean isCompleted)
   at Microsoft.AspNetCore.Mvc.Infrastructure.ResourceInvoker.<InvokeAsync>g__Logged|17_1(ResourceInvoker invoker)
   at Microsoft.AspNetCore.Mvc.Infrastructure.ResourceInvoker.<InvokeAsync>g__Logged|17_1(ResourceInvoker invoker)
   at Microsoft.AspNetCore.Routing.EndpointMiddleware.<Invoke>g__AwaitRequestTask|6_0(Endpoint endpoint, Task requestTask, ILogger logger)
   at Microsoft.AspNetCore.Authorization.Policy.AuthorizationMiddlewareResultHandler.HandleAsync(RequestDelegate next, HttpContext context, AuthorizationPolicy policy, PolicyAuthorizationResult authorizeResult)
   at Microsoft.AspNetCore.Authorization.AuthorizationMiddleware.Invoke(HttpContext context)
   at Microsoft.AspNetCore.Authentication.AuthenticationMiddleware.Invoke(HttpContext context)
   at Microsoft.AspNetCore.Diagnostics.DeveloperExceptionPageMiddleware.Invoke(HttpContext context)
2022-07-05T15:03:54.6689521+04:30 [WRN] (Microsoft.AspNetCore.HttpsPolicy.HttpsRedirectionMiddleware) Failed to determine the https port for redirect.
2022-07-05T15:03:55.9397442+04:30 [WRN] (Microsoft.EntityFrameworkCore.Model.Validation) Entity '"Cart"' has a global query filter defined and is the required end of a relationship with the entity '"CartPayingInfo"'. This may lead to unexpected results when the required entity is filtered out. Either configure the navigation as optional, or define matching query filters for both entities in the navigation. See https://go.microsoft.com/fwlink/?linkid=2131316 for more information.
2022-07-05T15:03:55.9403794+04:30 [WRN] (Microsoft.EntityFrameworkCore.Model.Validation) Entity '"SearchFilter"' has a global query filter defined and is the required end of a relationship with the entity '"ExcelStatus"'. This may lead to unexpected results when the required entity is filtered out. Either configure the navigation as optional, or define matching query filters for both entities in the navigation. See https://go.microsoft.com/fwlink/?linkid=2131316 for more information.
2022-07-05T15:03:55.9404514+04:30 [WRN] (Microsoft.EntityFrameworkCore.Model.Validation) Entity '"Product"' has a global query filter defined and is the required end of a relationship with the entity '"ProductInventory"'. This may lead to unexpected results when the required entity is filtered out. Either configure the navigation as optional, or define matching query filters for both entities in the navigation. See https://go.microsoft.com/fwlink/?linkid=2131316 for more information.
2022-07-05T15:06:09.5804756+04:30 [WRN] (Microsoft.AspNetCore.HttpsPolicy.HttpsRedirectionMiddleware) Failed to determine the https port for redirect.
2022-07-05T15:06:10.8939016+04:30 [WRN] (Microsoft.EntityFrameworkCore.Model.Validation) Entity '"Cart"' has a global query filter defined and is the required end of a relationship with the entity '"CartPayingInfo"'. This may lead to unexpected results when the required entity is filtered out. Either configure the navigation as optional, or define matching query filters for both entities in the navigation. See https://go.microsoft.com/fwlink/?linkid=2131316 for more information.
2022-07-05T15:06:10.8947127+04:30 [WRN] (Microsoft.EntityFrameworkCore.Model.Validation) Entity '"SearchFilter"' has a global query filter defined and is the required end of a relationship with the entity '"ExcelStatus"'. This may lead to unexpected results when the required entity is filtered out. Either configure the navigation as optional, or define matching query filters for both entities in the navigation. See https://go.microsoft.com/fwlink/?linkid=2131316 for more information.
2022-07-05T15:06:10.8947975+04:30 [WRN] (Microsoft.EntityFrameworkCore.Model.Validation) Entity '"Product"' has a global query filter defined and is the required end of a relationship with the entity '"ProductInventory"'. This may lead to unexpected results when the required entity is filtered out. Either configure the navigation as optional, or define matching query filters for both entities in the navigation. See https://go.microsoft.com/fwlink/?linkid=2131316 for more information.
2022-07-05T15:09:03.6939548+04:30 [WRN] (Microsoft.AspNetCore.HttpsPolicy.HttpsRedirectionMiddleware) Failed to determine the https port for redirect.
2022-07-05T15:09:04.9967886+04:30 [WRN] (Microsoft.EntityFrameworkCore.Model.Validation) Entity '"Cart"' has a global query filter defined and is the required end of a relationship with the entity '"CartPayingInfo"'. This may lead to unexpected results when the required entity is filtered out. Either configure the navigation as optional, or define matching query filters for both entities in the navigation. See https://go.microsoft.com/fwlink/?linkid=2131316 for more information.
2022-07-05T15:09:04.9973552+04:30 [WRN] (Microsoft.EntityFrameworkCore.Model.Validation) Entity '"SearchFilter"' has a global query filter defined and is the required end of a relationship with the entity '"ExcelStatus"'. This may lead to unexpected results when the required entity is filtered out. Either configure the navigation as optional, or define matching query filters for both entities in the navigation. See https://go.microsoft.com/fwlink/?linkid=2131316 for more information.
2022-07-05T15:09:04.9974106+04:30 [WRN] (Microsoft.EntityFrameworkCore.Model.Validation) Entity '"Product"' has a global query filter defined and is the required end of a relationship with the entity '"ProductInventory"'. This may lead to unexpected results when the required entity is filtered out. Either configure the navigation as optional, or define matching query filters for both entities in the navigation. See https://go.microsoft.com/fwlink/?linkid=2131316 for more information.
2022-07-05T15:11:44.0808177+04:30 [WRN] (Microsoft.AspNetCore.HttpsPolicy.HttpsRedirectionMiddleware) Failed to determine the https port for redirect.
2022-07-05T15:11:45.3462734+04:30 [WRN] (Microsoft.EntityFrameworkCore.Model.Validation) Entity '"Cart"' has a global query filter defined and is the required end of a relationship with the entity '"CartPayingInfo"'. This may lead to unexpected results when the required entity is filtered out. Either configure the navigation as optional, or define matching query filters for both entities in the navigation. See https://go.microsoft.com/fwlink/?linkid=2131316 for more information.
2022-07-05T15:11:45.3468264+04:30 [WRN] (Microsoft.EntityFrameworkCore.Model.Validation) Entity '"SearchFilter"' has a global query filter defined and is the required end of a relationship with the entity '"ExcelStatus"'. This may lead to unexpected results when the required entity is filtered out. Either configure the navigation as optional, or define matching query filters for both entities in the navigation. See https://go.microsoft.com/fwlink/?linkid=2131316 for more information.
2022-07-05T15:11:45.3468828+04:30 [WRN] (Microsoft.EntityFrameworkCore.Model.Validation) Entity '"Product"' has a global query filter defined and is the required end of a relationship with the entity '"ProductInventory"'. This may lead to unexpected results when the required entity is filtered out. Either configure the navigation as optional, or define matching query filters for both entities in the navigation. See https://go.microsoft.com/fwlink/?linkid=2131316 for more information.
2022-07-05T15:16:41.6126251+04:30 [WRN] (Microsoft.AspNetCore.HttpsPolicy.HttpsRedirectionMiddleware) Failed to determine the https port for redirect.
2022-07-05T15:16:43.2140904+04:30 [WRN] (Microsoft.EntityFrameworkCore.Model.Validation) Entity '"Cart"' has a global query filter defined and is the required end of a relationship with the entity '"CartPayingInfo"'. This may lead to unexpected results when the required entity is filtered out. Either configure the navigation as optional, or define matching query filters for both entities in the navigation. See https://go.microsoft.com/fwlink/?linkid=2131316 for more information.
2022-07-05T15:16:43.2153620+04:30 [WRN] (Microsoft.EntityFrameworkCore.Model.Validation) Entity '"SearchFilter"' has a global query filter defined and is the required end of a relationship with the entity '"ExcelStatus"'. This may lead to unexpected results when the required entity is filtered out. Either configure the navigation as optional, or define matching query filters for both entities in the navigation. See https://go.microsoft.com/fwlink/?linkid=2131316 for more information.
2022-07-05T15:16:43.2154460+04:30 [WRN] (Microsoft.EntityFrameworkCore.Model.Validation) Entity '"Product"' has a global query filter defined and is the required end of a relationship with the entity '"ProductInventory"'. This may lead to unexpected results when the required entity is filtered out. Either configure the navigation as optional, or define matching query filters for both entities in the navigation. See https://go.microsoft.com/fwlink/?linkid=2131316 for more information.
2022-07-05T15:44:41.0522624+04:30 [WRN] (Microsoft.AspNetCore.HttpsPolicy.HttpsRedirectionMiddleware) Failed to determine the https port for redirect.
2022-07-05T15:44:42.3246230+04:30 [WRN] (Microsoft.EntityFrameworkCore.Model.Validation) Entity '"Cart"' has a global query filter defined and is the required end of a relationship with the entity '"CartPayingInfo"'. This may lead to unexpected results when the required entity is filtered out. Either configure the navigation as optional, or define matching query filters for both entities in the navigation. See https://go.microsoft.com/fwlink/?linkid=2131316 for more information.
2022-07-05T15:44:42.3248333+04:30 [WRN] (Microsoft.EntityFrameworkCore.Model.Validation) Entity '"SearchFilter"' has a global query filter defined and is the required end of a relationship with the entity '"ExcelStatus"'. This may lead to unexpected results when the required entity is filtered out. Either configure the navigation as optional, or define matching query filters for both entities in the navigation. See https://go.microsoft.com/fwlink/?linkid=2131316 for more information.
2022-07-05T15:44:42.3248896+04:30 [WRN] (Microsoft.EntityFrameworkCore.Model.Validation) Entity '"Product"' has a global query filter defined and is the required end of a relationship with the entity '"ProductInventory"'. This may lead to unexpected results when the required entity is filtered out. Either configure the navigation as optional, or define matching query filters for both entities in the navigation. See https://go.microsoft.com/fwlink/?linkid=2131316 for more information.
2022-07-05T15:47:29.7767667+04:30 [WRN] (Microsoft.AspNetCore.HttpsPolicy.HttpsRedirectionMiddleware) Failed to determine the https port for redirect.
2022-07-05T15:47:31.1175941+04:30 [WRN] (Microsoft.EntityFrameworkCore.Model.Validation) Entity '"Cart"' has a global query filter defined and is the required end of a relationship with the entity '"CartPayingInfo"'. This may lead to unexpected results when the required entity is filtered out. Either configure the navigation as optional, or define matching query filters for both entities in the navigation. See https://go.microsoft.com/fwlink/?linkid=2131316 for more information.
2022-07-05T15:47:31.1181227+04:30 [WRN] (Microsoft.EntityFrameworkCore.Model.Validation) Entity '"SearchFilter"' has a global query filter defined and is the required end of a relationship with the entity '"ExcelStatus"'. This may lead to unexpected results when the required entity is filtered out. Either configure the navigation as optional, or define matching query filters for both entities in the navigation. See https://go.microsoft.com/fwlink/?linkid=2131316 for more information.
2022-07-05T15:47:31.1181911+04:30 [WRN] (Microsoft.EntityFrameworkCore.Model.Validation) Entity '"Product"' has a global query filter defined and is the required end of a relationship with the entity '"ProductInventory"'. This may lead to unexpected results when the required entity is filtered out. Either configure the navigation as optional, or define matching query filters for both entities in the navigation. See https://go.microsoft.com/fwlink/?linkid=2131316 for more information.
2022-07-05T15:50:18.8718885+04:30 [WRN] (Microsoft.AspNetCore.HttpsPolicy.HttpsRedirectionMiddleware) Failed to determine the https port for redirect.
2022-07-05T15:50:20.3013264+04:30 [WRN] (Microsoft.EntityFrameworkCore.Model.Validation) Entity '"Cart"' has a global query filter defined and is the required end of a relationship with the entity '"CartPayingInfo"'. This may lead to unexpected results when the required entity is filtered out. Either configure the navigation as optional, or define matching query filters for both entities in the navigation. See https://go.microsoft.com/fwlink/?linkid=2131316 for more information.
2022-07-05T15:50:20.3018635+04:30 [WRN] (Microsoft.EntityFrameworkCore.Model.Validation) Entity '"SearchFilter"' has a global query filter defined and is the required end of a relationship with the entity '"ExcelStatus"'. This may lead to unexpected results when the required entity is filtered out. Either configure the navigation as optional, or define matching query filters for both entities in the navigation. See https://go.microsoft.com/fwlink/?linkid=2131316 for more information.
2022-07-05T15:50:20.3019724+04:30 [WRN] (Microsoft.EntityFrameworkCore.Model.Validation) Entity '"Product"' has a global query filter defined and is the required end of a relationship with the entity '"ProductInventory"'. This may lead to unexpected results when the required entity is filtered out. Either configure the navigation as optional, or define matching query filters for both entities in the navigation. See https://go.microsoft.com/fwlink/?linkid=2131316 for more information.
2022-07-05T15:50:42.9064783+04:30 [ERR] (Microsoft.AspNetCore.Diagnostics.DeveloperExceptionPageMiddleware) An unhandled exception has occurred while executing the request.
System.Net.Http.HttpRequestException: An error occurred while sending the request.
 ---> System.IO.IOException: Unable to read data from the transport connection: An existing connection was forcibly closed by the remote host..
 ---> System.Net.Sockets.SocketException (10054): An existing connection was forcibly closed by the remote host.
   --- End of inner exception stack trace ---
   at System.Net.Sockets.Socket.AwaitableSocketAsyncEventArgs.ThrowException(SocketError error, CancellationToken cancellationToken)
   at System.Net.Sockets.Socket.AwaitableSocketAsyncEventArgs.System.Threading.Tasks.Sources.IValueTaskSource<System.Int32>.GetResult(Int16 token)
   at System.Net.Security.SslStream.EnsureFullTlsFrameAsync[TIOAdapter](TIOAdapter adapter)
   at System.Net.Security.SslStream.ReadAsyncInternal[TIOAdapter](TIOAdapter adapter, Memory`1 buffer)
   at System.Net.Http.HttpConnection.InitialFillAsync(Boolean async)
   at System.Net.Http.HttpConnection.SendAsyncCore(HttpRequestMessage request, Boolean async, CancellationToken cancellationToken)
   --- End of inner exception stack trace ---
   at System.Net.Http.HttpConnection.SendAsyncCore(HttpRequestMessage request, Boolean async, CancellationToken cancellationToken)
   at System.Net.Http.HttpConnectionPool.SendWithVersionDetectionAndRetryAsync(HttpRequestMessage request, Boolean async, Boolean doRequestAuth, CancellationToken cancellationToken)
   at System.Net.Http.DiagnosticsHandler.SendAsyncCore(HttpRequestMessage request, Boolean async, CancellationToken cancellationToken)
   at System.Net.Http.RedirectHandler.SendAsync(HttpRequestMessage request, Boolean async, CancellationToken cancellationToken)
   at System.Net.Http.HttpClient.<SendAsync>g__Core|83_0(HttpRequestMessage request, HttpCompletionOption completionOption, CancellationTokenSource cts, Boolean disposeCts, CancellationTokenSource pendingRequestsCts, CancellationToken originalCancellationToken)
   at Market.EndPoint.Areas.Admin.Controllers.AutanticationController.Login(LoginViwModel model) in C:\Users\Kar1\Desktop\MyMarket\Market.EndPoint\Areas\Admin\Controllers\AutanticationController.cs:line 116
   at Microsoft.AspNetCore.Mvc.Infrastructure.ActionMethodExecutor.TaskOfIActionResultExecutor.Execute(IActionResultTypeMapper mapper, ObjectMethodExecutor executor, Object controller, Object[] arguments)
   at Microsoft.AspNetCore.Mvc.Infrastructure.ControllerActionInvoker.<InvokeActionMethodAsync>g__Logged|12_1(ControllerActionInvoker invoker)
   at Microsoft.AspNetCore.Mvc.Infrastructure.ControllerActionInvoker.<InvokeNextActionFilterAsync>g__Awaited|10_0(ControllerActionInvoker invoker, Task lastTask, State next, Scope scope, Object state, Boolean isCompleted)
   at Microsoft.AspNetCore.Mvc.Infrastructure.ControllerActionInvoker.Rethrow(ActionExecutedContextSealed context)
   at Microsoft.AspNetCore.Mvc.Infrastructure.ControllerActionInvoker.Next(State& next, Scope& scope, Object& state, Boolean& isCompleted)
   at Microsoft.AspNetCore.Mvc.Infrastructure.ControllerActionInvoker.<InvokeInnerFilterAsync>g__Awaited|13_0(ControllerActionInvoker invoker, Task lastTask, State next, Scope scope, Object state, Boolean isCompleted)
   at Microsoft.AspNetCore.Mvc.Infrastructure.ResourceInvoker.<InvokeNextResourceFilter>g__Awaited|25_0(ResourceInvoker invoker, Task lastTask, State next, Scope scope, Object state, Boolean isCompleted)
   at Microsoft.AspNetCore.Mvc.Infrastructure.ResourceInvoker.Rethrow(ResourceExecutedContextSealed context)
   at Microsoft.AspNetCore.Mvc.Infrastructure.ResourceInvoker.Next(State& next, Scope& scope, Object& state, Boolean& isCompleted)
   at Microsoft.AspNetCore.Mvc.Infrastructure.ResourceInvoker.<InvokeFilterPipelineAsync>g__Awaited|20_0(ResourceInvoker invoker, Task lastTask, State next, Scope scope, Object state, Boolean isCompleted)
   at Microsoft.AspNetCore.Mvc.Infrastructure.ResourceInvoker.<InvokeAsync>g__Logged|17_1(ResourceInvoker invoker)
   at Microsoft.AspNetCore.Mvc.Infrastructure.ResourceInvoker.<InvokeAsync>g__Logged|17_1(ResourceInvoker invoker)
   at Microsoft.AspNetCore.Routing.EndpointMiddleware.<Invoke>g__AwaitRequestTask|6_0(Endpoint endpoint, Task requestTask, ILogger logger)
   at Microsoft.AspNetCore.Authorization.AuthorizationMiddleware.Invoke(HttpContext context)
   at Microsoft.AspNetCore.Authentication.AuthenticationMiddleware.Invoke(HttpContext context)
   at Microsoft.AspNetCore.Diagnostics.DeveloperExceptionPageMiddleware.Invoke(HttpContext context)
2022-07-05T15:52:58.0799911+04:30 [WRN] (Microsoft.AspNetCore.HttpsPolicy.HttpsRedirectionMiddleware) Failed to determine the https port for redirect.
2022-07-05T15:53:00.4884830+04:30 [WRN] (Microsoft.EntityFrameworkCore.Model.Validation) Entity '"Cart"' has a global query filter defined and is the required end of a relationship with the entity '"CartPayingInfo"'. This may lead to unexpected results when the required entity is filtered out. Either configure the navigation as optional, or define matching query filters for both entities in the navigation. See https://go.microsoft.com/fwlink/?linkid=2131316 for more information.
2022-07-05T15:53:00.4891369+04:30 [WRN] (Microsoft.EntityFrameworkCore.Model.Validation) Entity '"SearchFilter"' has a global query filter defined and is the required end of a relationship with the entity '"ExcelStatus"'. This may lead to unexpected results when the required entity is filtered out. Either configure the navigation as optional, or define matching query filters for both entities in the navigation. See https://go.microsoft.com/fwlink/?linkid=2131316 for more information.
2022-07-05T15:53:00.4892031+04:30 [WRN] (Microsoft.EntityFrameworkCore.Model.Validation) Entity '"Product"' has a global query filter defined and is the required end of a relationship with the entity '"ProductInventory"'. This may lead to unexpected results when the required entity is filtered out. Either configure the navigation as optional, or define matching query filters for both entities in the navigation. See https://go.microsoft.com/fwlink/?linkid=2131316 for more information.
2022-07-05T15:55:55.2921190+04:30 [WRN] (Microsoft.AspNetCore.HttpsPolicy.HttpsRedirectionMiddleware) Failed to determine the https port for redirect.
2022-07-05T15:55:56.4768219+04:30 [WRN] (Microsoft.EntityFrameworkCore.Model.Validation) Entity '"Cart"' has a global query filter defined and is the required end of a relationship with the entity '"CartPayingInfo"'. This may lead to unexpected results when the required entity is filtered out. Either configure the navigation as optional, or define matching query filters for both entities in the navigation. See https://go.microsoft.com/fwlink/?linkid=2131316 for more information.
2022-07-05T15:55:56.4772986+04:30 [WRN] (Microsoft.EntityFrameworkCore.Model.Validation) Entity '"SearchFilter"' has a global query filter defined and is the required end of a relationship with the entity '"ExcelStatus"'. This may lead to unexpected results when the required entity is filtered out. Either configure the navigation as optional, or define matching query filters for both entities in the navigation. See https://go.microsoft.com/fwlink/?linkid=2131316 for more information.
2022-07-05T15:55:56.4773507+04:30 [WRN] (Microsoft.EntityFrameworkCore.Model.Validation) Entity '"Product"' has a global query filter defined and is the required end of a relationship with the entity '"ProductInventory"'. This may lead to unexpected results when the required entity is filtered out. Either configure the navigation as optional, or define matching query filters for both entities in the navigation. See https://go.microsoft.com/fwlink/?linkid=2131316 for more information.
2022-07-05T16:02:58.4472917+04:30 [WRN] (Microsoft.AspNetCore.HttpsPolicy.HttpsRedirectionMiddleware) Failed to determine the https port for redirect.
2022-07-05T16:02:59.7450705+04:30 [WRN] (Microsoft.EntityFrameworkCore.Model.Validation) Entity '"Cart"' has a global query filter defined and is the required end of a relationship with the entity '"CartPayingInfo"'. This may lead to unexpected results when the required entity is filtered out. Either configure the navigation as optional, or define matching query filters for both entities in the navigation. See https://go.microsoft.com/fwlink/?linkid=2131316 for more information.
2022-07-05T16:02:59.7456908+04:30 [WRN] (Microsoft.EntityFrameworkCore.Model.Validation) Entity '"SearchFilter"' has a global query filter defined and is the required end of a relationship with the entity '"ExcelStatus"'. This may lead to unexpected results when the required entity is filtered out. Either configure the navigation as optional, or define matching query filters for both entities in the navigation. See https://go.microsoft.com/fwlink/?linkid=2131316 for more information.
2022-07-05T16:02:59.7457406+04:30 [WRN] (Microsoft.EntityFrameworkCore.Model.Validation) Entity '"Product"' has a global query filter defined and is the required end of a relationship with the entity '"ProductInventory"'. This may lead to unexpected results when the required entity is filtered out. Either configure the navigation as optional, or define matching query filters for both entities in the navigation. See https://go.microsoft.com/fwlink/?linkid=2131316 for more information.
2022-07-05T16:18:07.9843896+04:30 [WRN] (Microsoft.AspNetCore.HttpsPolicy.HttpsRedirectionMiddleware) Failed to determine the https port for redirect.
2022-07-05T16:18:09.2747015+04:30 [WRN] (Microsoft.EntityFrameworkCore.Model.Validation) Entity '"Cart"' has a global query filter defined and is the required end of a relationship with the entity '"CartPayingInfo"'. This may lead to unexpected results when the required entity is filtered out. Either configure the navigation as optional, or define matching query filters for both entities in the navigation. See https://go.microsoft.com/fwlink/?linkid=2131316 for more information.
2022-07-05T16:18:09.2752286+04:30 [WRN] (Microsoft.EntityFrameworkCore.Model.Validation) Entity '"SearchFilter"' has a global query filter defined and is the required end of a relationship with the entity '"ExcelStatus"'. This may lead to unexpected results when the required entity is filtered out. Either configure the navigation as optional, or define matching query filters for both entities in the navigation. See https://go.microsoft.com/fwlink/?linkid=2131316 for more information.
2022-07-05T16:18:09.2752708+04:30 [WRN] (Microsoft.EntityFrameworkCore.Model.Validation) Entity '"Product"' has a global query filter defined and is the required end of a relationship with the entity '"ProductInventory"'. This may lead to unexpected results when the required entity is filtered out. Either configure the navigation as optional, or define matching query filters for both entities in the navigation. See https://go.microsoft.com/fwlink/?linkid=2131316 for more information.
2022-07-05T16:19:03.6898652+04:30 [ERR] (Microsoft.EntityFrameworkCore.Database.Command) Failed executing DbCommand ("7"ms) [Parameters=["@p0='?' (Size = 4000), @p1='?' (DbType = Boolean), @p2='?' (DbType = DateTime2), @p3='?' (DbType = Int32), @p4='?' (DbType = Int32)"], CommandType='Text', CommandTimeout='30']"
""SET NOCOUNT ON;
INSERT INTO [ExcelStatuses] ([FileName], [IsRemoved], [RemoveTime], [SearchFilterId], [Status])
VALUES (@p0, @p1, @p2, @p3, @p4);
SELECT [Id]
FROM [ExcelStatuses]
WHERE @@ROWCOUNT = 1 AND [Id] = scope_identity();"
2022-07-05T16:19:03.7372635+04:30 [ERR] (Microsoft.EntityFrameworkCore.Update) An exception occurred in the database while saving changes for context type '"Persistance.Context.DataBaseContext"'."
""Microsoft.EntityFrameworkCore.DbUpdateException: An error occurred while saving the entity changes. See the inner exception for details.
 ---> Microsoft.Data.SqlClient.SqlException (0x80131904): Invalid object name 'ExcelStatuses'.
   at Microsoft.Data.SqlClient.SqlCommand.<>c.<ExecuteDbDataReaderAsync>b__188_0(Task`1 result)
   at System.Threading.Tasks.ContinuationResultTaskFromResultTask`2.InnerInvoke()
   at System.Threading.Tasks.Task.<>c.<.cctor>b__272_0(Object obj)
   at System.Threading.ExecutionContext.RunInternal(ExecutionContext executionContext, ContextCallback callback, Object state)
--- End of stack trace from previous location ---
   at System.Threading.ExecutionContext.RunInternal(ExecutionContext executionContext, ContextCallback callback, Object state)
   at System.Threading.Tasks.Task.ExecuteWithThreadLocal(Task& currentTaskSlot, Thread threadPoolThread)
--- End of stack trace from previous location ---
   at Microsoft.EntityFrameworkCore.Storage.RelationalCommand.ExecuteReaderAsync(RelationalCommandParameterObject parameterObject, CancellationToken cancellationToken)
   at Microsoft.EntityFrameworkCore.Storage.RelationalCommand.ExecuteReaderAsync(RelationalCommandParameterObject parameterObject, CancellationToken cancellationToken)
   at Microsoft.EntityFrameworkCore.Update.ReaderModificationCommandBatch.ExecuteAsync(IRelationalConnection connection, CancellationToken cancellationToken)
ClientConnectionId:6a8d239d-bc36-4429-aa7e-d4b325d1b390
Error Number:208,State:1,Class:16
   --- End of inner exception stack trace ---
   at Microsoft.EntityFrameworkCore.Update.ReaderModificationCommandBatch.ExecuteAsync(IRelationalConnection connection, CancellationToken cancellationToken)
   at Microsoft.EntityFrameworkCore.Update.Internal.BatchExecutor.ExecuteAsync(IEnumerable`1 commandBatches, IRelationalConnection connection, CancellationToken cancellationToken)
   at Microsoft.EntityFrameworkCore.Update.Internal.BatchExecutor.ExecuteAsync(IEnumerable`1 commandBatches, IRelationalConnection connection, CancellationToken cancellationToken)
   at Microsoft.EntityFrameworkCore.Update.Internal.BatchExecutor.ExecuteAsync(IEnumerable`1 commandBatches, IRelationalConnection connection, CancellationToken cancellationToken)
   at Microsoft.EntityFrameworkCore.ChangeTracking.Internal.StateManager.SaveChangesAsync(IList`1 entriesToSave, CancellationToken cancellationToken)
   at Microsoft.EntityFrameworkCore.ChangeTracking.Internal.StateManager.SaveChangesAsync(StateManager stateManager, Boolean acceptAllChangesOnSuccess, CancellationToken cancellationToken)
   at Microsoft.EntityFrameworkCore.SqlServer.Storage.Internal.SqlServerExecutionStrategy.ExecuteAsync[TState,TResult](TState state, Func`4 operation, Func`4 verifySucceeded, CancellationToken cancellationToken)
   at Microsoft.EntityFrameworkCore.DbContext.SaveChangesAsync(Boolean acceptAllChangesOnSuccess, CancellationToken cancellationToken)"
Microsoft.EntityFrameworkCore.DbUpdateException: An error occurred while saving the entity changes. See the inner exception for details.
 ---> Microsoft.Data.SqlClient.SqlException (0x80131904): Invalid object name 'ExcelStatuses'.
   at Microsoft.Data.SqlClient.SqlCommand.<>c.<ExecuteDbDataReaderAsync>b__188_0(Task`1 result)
   at System.Threading.Tasks.ContinuationResultTaskFromResultTask`2.InnerInvoke()
   at System.Threading.Tasks.Task.<>c.<.cctor>b__272_0(Object obj)
   at System.Threading.ExecutionContext.RunInternal(ExecutionContext executionContext, ContextCallback callback, Object state)
--- End of stack trace from previous location ---
   at System.Threading.ExecutionContext.RunInternal(ExecutionContext executionContext, ContextCallback callback, Object state)
   at System.Threading.Tasks.Task.ExecuteWithThreadLocal(Task& currentTaskSlot, Thread threadPoolThread)
--- End of stack trace from previous location ---
   at Microsoft.EntityFrameworkCore.Storage.RelationalCommand.ExecuteReaderAsync(RelationalCommandParameterObject parameterObject, CancellationToken cancellationToken)
   at Microsoft.EntityFrameworkCore.Storage.RelationalCommand.ExecuteReaderAsync(RelationalCommandParameterObject parameterObject, CancellationToken cancellationToken)
   at Microsoft.EntityFrameworkCore.Update.ReaderModificationCommandBatch.ExecuteAsync(IRelationalConnection connection, CancellationToken cancellationToken)
ClientConnectionId:6a8d239d-bc36-4429-aa7e-d4b325d1b390
Error Number:208,State:1,Class:16
   --- End of inner exception stack trace ---
   at Microsoft.EntityFrameworkCore.Update.ReaderModificationCommandBatch.ExecuteAsync(IRelationalConnection connection, CancellationToken cancellationToken)
   at Microsoft.EntityFrameworkCore.Update.Internal.BatchExecutor.ExecuteAsync(IEnumerable`1 commandBatches, IRelationalConnection connection, CancellationToken cancellationToken)
   at Microsoft.EntityFrameworkCore.Update.Internal.BatchExecutor.ExecuteAsync(IEnumerable`1 commandBatches, IRelationalConnection connection, CancellationToken cancellationToken)
   at Microsoft.EntityFrameworkCore.Update.Internal.BatchExecutor.ExecuteAsync(IEnumerable`1 commandBatches, IRelationalConnection connection, CancellationToken cancellationToken)
   at Microsoft.EntityFrameworkCore.ChangeTracking.Internal.StateManager.SaveChangesAsync(IList`1 entriesToSave, CancellationToken cancellationToken)
   at Microsoft.EntityFrameworkCore.ChangeTracking.Internal.StateManager.SaveChangesAsync(StateManager stateManager, Boolean acceptAllChangesOnSuccess, CancellationToken cancellationToken)
   at Microsoft.EntityFrameworkCore.SqlServer.Storage.Internal.SqlServerExecutionStrategy.ExecuteAsync[TState,TResult](TState state, Func`4 operation, Func`4 verifySucceeded, CancellationToken cancellationToken)
   at Microsoft.EntityFrameworkCore.DbContext.SaveChangesAsync(Boolean acceptAllChangesOnSuccess, CancellationToken cancellationToken)
2022-07-05T16:26:20.2162161+04:30 [WRN] (Microsoft.AspNetCore.HttpsPolicy.HttpsRedirectionMiddleware) Failed to determine the https port for redirect.
2022-07-05T16:26:22.1598773+04:30 [WRN] (Microsoft.EntityFrameworkCore.Model.Validation) Entity '"Cart"' has a global query filter defined and is the required end of a relationship with the entity '"CartPayingInfo"'. This may lead to unexpected results when the required entity is filtered out. Either configure the navigation as optional, or define matching query filters for both entities in the navigation. See https://go.microsoft.com/fwlink/?linkid=2131316 for more information.
2022-07-05T16:26:22.1607823+04:30 [WRN] (Microsoft.EntityFrameworkCore.Model.Validation) Entity '"SearchFilter"' has a global query filter defined and is the required end of a relationship with the entity '"ExcelStatus"'. This may lead to unexpected results when the required entity is filtered out. Either configure the navigation as optional, or define matching query filters for both entities in the navigation. See https://go.microsoft.com/fwlink/?linkid=2131316 for more information.
2022-07-05T16:26:22.1608415+04:30 [WRN] (Microsoft.EntityFrameworkCore.Model.Validation) Entity '"Product"' has a global query filter defined and is the required end of a relationship with the entity '"ProductInventory"'. This may lead to unexpected results when the required entity is filtered out. Either configure the navigation as optional, or define matching query filters for both entities in the navigation. See https://go.microsoft.com/fwlink/?linkid=2131316 for more information.
2022-07-05T16:26:29.9247237+04:30 [ERR] (Microsoft.AspNetCore.Diagnostics.DeveloperExceptionPageMiddleware) An unhandled exception has occurred while executing the request.
System.AggregateException: One or more errors occurred. (An exception was thrown while attempting to evaluate a LINQ query parameter expression. See the inner exception for more information. To show additional information call 'DbContextOptionsBuilder.EnableSensitiveDataLogging'.)
 ---> System.InvalidOperationException: An exception was thrown while attempting to evaluate a LINQ query parameter expression. See the inner exception for more information. To show additional information call 'DbContextOptionsBuilder.EnableSensitiveDataLogging'.
 ---> System.NullReferenceException: Object reference not set to an instance of an object.
   at lambda_method164(Closure )
   at Microsoft.EntityFrameworkCore.Query.Internal.ParameterExtractingExpressionVisitor.GetValue(Expression expression, String& parameterName)
   --- End of inner exception stack trace ---
   at Microsoft.EntityFrameworkCore.Query.Internal.ParameterExtractingExpressionVisitor.GetValue(Expression expression, String& parameterName)
   at Microsoft.EntityFrameworkCore.Query.Internal.ParameterExtractingExpressionVisitor.Evaluate(Expression expression, Boolean generateParameter)
   at Microsoft.EntityFrameworkCore.Query.Internal.ParameterExtractingExpressionVisitor.Visit(Expression expression)
   at System.Linq.Expressions.ExpressionVisitor.VisitBinary(BinaryExpression node)
   at System.Linq.Expressions.BinaryExpression.Accept(ExpressionVisitor visitor)
   at Microsoft.EntityFrameworkCore.Query.Internal.ParameterExtractingExpressionVisitor.Visit(Expression expression)
   at Microsoft.EntityFrameworkCore.Query.Internal.ParameterExtractingExpressionVisitor.VisitBinary(BinaryExpression binaryExpression)
   at System.Linq.Expressions.BinaryExpression.Accept(ExpressionVisitor visitor)
   at Microsoft.EntityFrameworkCore.Query.Internal.ParameterExtractingExpressionVisitor.Visit(Expression expression)
   at System.Linq.Expressions.ExpressionVisitor.VisitLambda[T](Expression`1 node)
   at System.Linq.Expressions.Expression`1.Accept(ExpressionVisitor visitor)
   at Microsoft.EntityFrameworkCore.Query.Internal.ParameterExtractingExpressionVisitor.Visit(Expression expression)
   at System.Linq.Expressions.ExpressionVisitor.VisitUnary(UnaryExpression node)
   at System.Linq.Expressions.UnaryExpression.Accept(ExpressionVisitor visitor)
   at Microsoft.EntityFrameworkCore.Query.Internal.ParameterExtractingExpressionVisitor.Visit(Expression expression)
   at System.Dynamic.Utils.ExpressionVisitorUtils.VisitArguments(ExpressionVisitor visitor, IArgumentProvider nodes)
   at System.Linq.Expressions.ExpressionVisitor.VisitMethodCall(MethodCallExpression node)
   at System.Linq.Expressions.MethodCallExpression.Accept(ExpressionVisitor visitor)
   at Microsoft.EntityFrameworkCore.Query.Internal.ParameterExtractingExpressionVisitor.Visit(Expression expression)
   at System.Dynamic.Utils.ExpressionVisitorUtils.VisitArguments(ExpressionVisitor visitor, IArgumentProvider nodes)
   at System.Linq.Expressions.ExpressionVisitor.VisitMethodCall(MethodCallExpression node)
   at System.Linq.Expressions.MethodCallExpression.Accept(ExpressionVisitor visitor)
   at Microsoft.EntityFrameworkCore.Query.Internal.ParameterExtractingExpressionVisitor.Visit(Expression expression)
   at Microsoft.EntityFrameworkCore.Query.Internal.ParameterExtractingExpressionVisitor.ExtractParameters(Expression expression, Boolean clearEvaluatedValues)
   at Microsoft.EntityFrameworkCore.Query.Internal.QueryCompiler.ExecuteAsync[TResult](Expression query, CancellationToken cancellationToken)
   at Microsoft.EntityFrameworkCore.Query.Internal.EntityQueryProvider.ExecuteAsync[TResult](Expression expression, CancellationToken cancellationToken)
   at Microsoft.EntityFrameworkCore.Query.Internal.EntityQueryable`1.GetAsyncEnumerator(CancellationToken cancellationToken)
   at System.Runtime.CompilerServices.ConfiguredCancelableAsyncEnumerable`1.GetAsyncEnumerator()
   at Microsoft.EntityFrameworkCore.EntityFrameworkQueryableExtensions.ToListAsync[TSource](IQueryable`1 source, CancellationToken cancellationToken)
   at Application.Services.Client.Carts.Queries.GetUserCart.GetUserCartService.Execute(String userName) in C:\Users\Kar1\Desktop\MyMarket\Application\Services\Client\Carts\Queries\GetUserCart\GetUserCartService.cs:line 28
   --- End of inner exception stack trace ---
   at System.Threading.Tasks.Task.ThrowIfExceptional(Boolean includeTaskCanceledExceptions)
   at System.Threading.Tasks.Task`1.GetResultCore(Boolean waitCompletionNotification)
   at System.Threading.Tasks.Task`1.get_Result()
   at Market.EndPoint.ViewComponents.Cart.Invoke(String userName) in C:\Users\Kar1\Desktop\MyMarket\Market.EndPoint\ViewComponents\Cart.cs:line 21
   at lambda_method160(Closure , Object , Object[] )
   at Microsoft.Extensions.Internal.ObjectMethodExecutor.Execute(Object target, Object[] parameters)
   at Microsoft.AspNetCore.Mvc.ViewComponents.DefaultViewComponentInvoker.InvokeSyncCore(ObjectMethodExecutor executor, Object component, ViewComponentContext context)
   at Microsoft.AspNetCore.Mvc.ViewComponents.DefaultViewComponentInvoker.InvokeAsync(ViewComponentContext context)
   at Microsoft.AspNetCore.Mvc.ViewComponents.DefaultViewComponentInvoker.InvokeAsync(ViewComponentContext context)
   at Microsoft.AspNetCore.Mvc.ViewComponents.DefaultViewComponentHelper.InvokeCoreAsync(ViewComponentDescriptor descriptor, Object arguments)
   at AspNetCoreGeneratedDocument.Views_Shared__Layout.<ExecuteAsync>b__21_1() in C:\Users\Kar1\Desktop\MyMarket\Market.EndPoint\Views\Shared\_Layout.cshtml:line 138
   at Microsoft.AspNetCore.Razor.Runtime.TagHelpers.TagHelperExecutionContext.SetOutputContentAsync()
   at AspNetCoreGeneratedDocument.Views_Shared__Layout.ExecuteAsync()
   at Microsoft.AspNetCore.Mvc.Razor.RazorView.RenderPageCoreAsync(IRazorPage page, ViewContext context)
   at Microsoft.AspNetCore.Mvc.Razor.RazorView.RenderPageAsync(IRazorPage page, ViewContext context, Boolean invokeViewStarts)
   at Microsoft.AspNetCore.Mvc.Razor.RazorView.RenderLayoutAsync(ViewContext context, ViewBufferTextWriter bodyWriter)
   at Microsoft.AspNetCore.Mvc.Razor.RazorView.RenderAsync(ViewContext context)
   at Microsoft.AspNetCore.Mvc.ViewFeatures.ViewExecutor.ExecuteAsync(ViewContext viewContext, String contentType, Nullable`1 statusCode)
   at Microsoft.AspNetCore.Mvc.ViewFeatures.ViewExecutor.ExecuteAsync(ViewContext viewContext, String contentType, Nullable`1 statusCode)
   at Microsoft.AspNetCore.Mvc.ViewFeatures.ViewExecutor.ExecuteAsync(ActionContext actionContext, IView view, ViewDataDictionary viewData, ITempDataDictionary tempData, String contentType, Nullable`1 statusCode)
   at Microsoft.AspNetCore.Mvc.ViewFeatures.ViewResultExecutor.ExecuteAsync(ActionContext context, ViewResult result)
   at Microsoft.AspNetCore.Mvc.ViewResult.ExecuteResultAsync(ActionContext context)
   at Microsoft.AspNetCore.Mvc.Infrastructure.ResourceInvoker.<InvokeResultAsync>g__Logged|22_0(ResourceInvoker invoker, IActionResult result)
   at Microsoft.AspNetCore.Mvc.Infrastructure.ResourceInvoker.<InvokeNextResultFilterAsync>g__Awaited|30_0[TFilter,TFilterAsync](ResourceInvoker invoker, Task lastTask, State next, Scope scope, Object state, Boolean isCompleted)
   at Microsoft.AspNetCore.Mvc.Infrastructure.ResourceInvoker.Rethrow(ResultExecutedContextSealed context)
   at Microsoft.AspNetCore.Mvc.Infrastructure.ResourceInvoker.ResultNext[TFilter,TFilterAsync](State& next, Scope& scope, Object& state, Boolean& isCompleted)
   at Microsoft.AspNetCore.Mvc.Infrastructure.ResourceInvoker.InvokeResultFilters()
--- End of stack trace from previous location ---
   at Microsoft.AspNetCore.Mvc.Infrastructure.ResourceInvoker.<InvokeNextResourceFilter>g__Awaited|25_0(ResourceInvoker invoker, Task lastTask, State next, Scope scope, Object state, Boolean isCompleted)
   at Microsoft.AspNetCore.Mvc.Infrastructure.ResourceInvoker.Rethrow(ResourceExecutedContextSealed context)
   at Microsoft.AspNetCore.Mvc.Infrastructure.ResourceInvoker.Next(State& next, Scope& scope, Object& state, Boolean& isCompleted)
   at Microsoft.AspNetCore.Mvc.Infrastructure.ResourceInvoker.InvokeFilterPipelineAsync()
--- End of stack trace from previous location ---
   at Microsoft.AspNetCore.Mvc.Infrastructure.ResourceInvoker.<InvokeAsync>g__Logged|17_1(ResourceInvoker invoker)
   at Microsoft.AspNetCore.Mvc.Infrastructure.ResourceInvoker.<InvokeAsync>g__Logged|17_1(ResourceInvoker invoker)
   at Microsoft.AspNetCore.Routing.EndpointMiddleware.<Invoke>g__AwaitRequestTask|6_0(Endpoint endpoint, Task requestTask, ILogger logger)
   at Microsoft.AspNetCore.Authorization.AuthorizationMiddleware.Invoke(HttpContext context)
   at Microsoft.AspNetCore.Authentication.AuthenticationMiddleware.Invoke(HttpContext context)
   at Microsoft.AspNetCore.Diagnostics.DeveloperExceptionPageMiddleware.Invoke(HttpContext context)
2022-07-05T16:27:54.9030348+04:30 [WRN] (Microsoft.AspNetCore.HttpsPolicy.HttpsRedirectionMiddleware) Failed to determine the https port for redirect.
2022-07-05T16:27:56.1461135+04:30 [WRN] (Microsoft.EntityFrameworkCore.Model.Validation) Entity '"Cart"' has a global query filter defined and is the required end of a relationship with the entity '"CartPayingInfo"'. This may lead to unexpected results when the required entity is filtered out. Either configure the navigation as optional, or define matching query filters for both entities in the navigation. See https://go.microsoft.com/fwlink/?linkid=2131316 for more information.
2022-07-05T16:27:56.1470092+04:30 [WRN] (Microsoft.EntityFrameworkCore.Model.Validation) Entity '"SearchFilter"' has a global query filter defined and is the required end of a relationship with the entity '"ExcelStatus"'. This may lead to unexpected results when the required entity is filtered out. Either configure the navigation as optional, or define matching query filters for both entities in the navigation. See https://go.microsoft.com/fwlink/?linkid=2131316 for more information.
2022-07-05T16:27:56.1471006+04:30 [WRN] (Microsoft.EntityFrameworkCore.Model.Validation) Entity '"Product"' has a global query filter defined and is the required end of a relationship with the entity '"ProductInventory"'. This may lead to unexpected results when the required entity is filtered out. Either configure the navigation as optional, or define matching query filters for both entities in the navigation. See https://go.microsoft.com/fwlink/?linkid=2131316 for more information.
2022-07-05T16:28:06.2147343+04:30 [ERR] (Microsoft.AspNetCore.Diagnostics.DeveloperExceptionPageMiddleware) An unhandled exception has occurred while executing the request.
System.AggregateException: One or more errors occurred. (An exception was thrown while attempting to evaluate a LINQ query parameter expression. See the inner exception for more information. To show additional information call 'DbContextOptionsBuilder.EnableSensitiveDataLogging'.)
 ---> System.InvalidOperationException: An exception was thrown while attempting to evaluate a LINQ query parameter expression. See the inner exception for more information. To show additional information call 'DbContextOptionsBuilder.EnableSensitiveDataLogging'.
 ---> System.NullReferenceException: Object reference not set to an instance of an object.
   at lambda_method164(Closure )
   at Microsoft.EntityFrameworkCore.Query.Internal.ParameterExtractingExpressionVisitor.GetValue(Expression expression, String& parameterName)
   --- End of inner exception stack trace ---
   at Microsoft.EntityFrameworkCore.Query.Internal.ParameterExtractingExpressionVisitor.GetValue(Expression expression, String& parameterName)
   at Microsoft.EntityFrameworkCore.Query.Internal.ParameterExtractingExpressionVisitor.Evaluate(Expression expression, Boolean generateParameter)
   at Microsoft.EntityFrameworkCore.Query.Internal.ParameterExtractingExpressionVisitor.Visit(Expression expression)
   at System.Linq.Expressions.ExpressionVisitor.VisitBinary(BinaryExpression node)
   at System.Linq.Expressions.BinaryExpression.Accept(ExpressionVisitor visitor)
   at Microsoft.EntityFrameworkCore.Query.Internal.ParameterExtractingExpressionVisitor.Visit(Expression expression)
   at Microsoft.EntityFrameworkCore.Query.Internal.ParameterExtractingExpressionVisitor.VisitBinary(BinaryExpression binaryExpression)
   at System.Linq.Expressions.BinaryExpression.Accept(ExpressionVisitor visitor)
   at Microsoft.EntityFrameworkCore.Query.Internal.ParameterExtractingExpressionVisitor.Visit(Expression expression)
   at System.Linq.Expressions.ExpressionVisitor.VisitLambda[T](Expression`1 node)
   at System.Linq.Expressions.Expression`1.Accept(ExpressionVisitor visitor)
   at Microsoft.EntityFrameworkCore.Query.Internal.ParameterExtractingExpressionVisitor.Visit(Expression expression)
   at System.Linq.Expressions.ExpressionVisitor.VisitUnary(UnaryExpression node)
   at System.Linq.Expressions.UnaryExpression.Accept(ExpressionVisitor visitor)
   at Microsoft.EntityFrameworkCore.Query.Internal.ParameterExtractingExpressionVisitor.Visit(Expression expression)
   at System.Dynamic.Utils.ExpressionVisitorUtils.VisitArguments(ExpressionVisitor visitor, IArgumentProvider nodes)
   at System.Linq.Expressions.ExpressionVisitor.VisitMethodCall(MethodCallExpression node)
   at System.Linq.Expressions.MethodCallExpression.Accept(ExpressionVisitor visitor)
   at Microsoft.EntityFrameworkCore.Query.Internal.ParameterExtractingExpressionVisitor.Visit(Expression expression)
   at System.Dynamic.Utils.ExpressionVisitorUtils.VisitArguments(ExpressionVisitor visitor, IArgumentProvider nodes)
   at System.Linq.Expressions.ExpressionVisitor.VisitMethodCall(MethodCallExpression node)
   at System.Linq.Expressions.MethodCallExpression.Accept(ExpressionVisitor visitor)
   at Microsoft.EntityFrameworkCore.Query.Internal.ParameterExtractingExpressionVisitor.Visit(Expression expression)
   at Microsoft.EntityFrameworkCore.Query.Internal.ParameterExtractingExpressionVisitor.ExtractParameters(Expression expression, Boolean clearEvaluatedValues)
   at Microsoft.EntityFrameworkCore.Query.Internal.QueryCompiler.ExecuteAsync[TResult](Expression query, CancellationToken cancellationToken)
   at Microsoft.EntityFrameworkCore.Query.Internal.EntityQueryProvider.ExecuteAsync[TResult](Expression expression, CancellationToken cancellationToken)
   at Microsoft.EntityFrameworkCore.Query.Internal.EntityQueryable`1.GetAsyncEnumerator(CancellationToken cancellationToken)
   at System.Runtime.CompilerServices.ConfiguredCancelableAsyncEnumerable`1.GetAsyncEnumerator()
   at Microsoft.EntityFrameworkCore.EntityFrameworkQueryableExtensions.ToListAsync[TSource](IQueryable`1 source, CancellationToken cancellationToken)
   at Application.Services.Client.Carts.Queries.GetUserCart.GetUserCartService.Execute(String userName) in C:\Users\Kar1\Desktop\MyMarket\Application\Services\Client\Carts\Queries\GetUserCart\GetUserCartService.cs:line 28
   --- End of inner exception stack trace ---
   at System.Threading.Tasks.Task.ThrowIfExceptional(Boolean includeTaskCanceledExceptions)
   at System.Threading.Tasks.Task`1.GetResultCore(Boolean waitCompletionNotification)
   at System.Threading.Tasks.Task`1.get_Result()
   at Market.EndPoint.ViewComponents.Cart.Invoke(String userName) in C:\Users\Kar1\Desktop\MyMarket\Market.EndPoint\ViewComponents\Cart.cs:line 21
   at lambda_method160(Closure , Object , Object[] )
   at Microsoft.Extensions.Internal.ObjectMethodExecutor.Execute(Object target, Object[] parameters)
   at Microsoft.AspNetCore.Mvc.ViewComponents.DefaultViewComponentInvoker.InvokeSyncCore(ObjectMethodExecutor executor, Object component, ViewComponentContext context)
   at Microsoft.AspNetCore.Mvc.ViewComponents.DefaultViewComponentInvoker.InvokeAsync(ViewComponentContext context)
   at Microsoft.AspNetCore.Mvc.ViewComponents.DefaultViewComponentInvoker.InvokeAsync(ViewComponentContext context)
   at Microsoft.AspNetCore.Mvc.ViewComponents.DefaultViewComponentHelper.InvokeCoreAsync(ViewComponentDescriptor descriptor, Object arguments)
   at AspNetCoreGeneratedDocument.Views_Shared__Layout.<ExecuteAsync>b__21_1() in C:\Users\Kar1\Desktop\MyMarket\Market.EndPoint\Views\Shared\_Layout.cshtml:line 138
   at Microsoft.AspNetCore.Razor.Runtime.TagHelpers.TagHelperExecutionContext.SetOutputContentAsync()
   at AspNetCoreGeneratedDocument.Views_Shared__Layout.ExecuteAsync()
   at Microsoft.AspNetCore.Mvc.Razor.RazorView.RenderPageCoreAsync(IRazorPage page, ViewContext context)
   at Microsoft.AspNetCore.Mvc.Razor.RazorView.RenderPageAsync(IRazorPage page, ViewContext context, Boolean invokeViewStarts)
   at Microsoft.AspNetCore.Mvc.Razor.RazorView.RenderLayoutAsync(ViewContext context, ViewBufferTextWriter bodyWriter)
   at Microsoft.AspNetCore.Mvc.Razor.RazorView.RenderAsync(ViewContext context)
   at Microsoft.AspNetCore.Mvc.ViewFeatures.ViewExecutor.ExecuteAsync(ViewContext viewContext, String contentType, Nullable`1 statusCode)
   at Microsoft.AspNetCore.Mvc.ViewFeatures.ViewExecutor.ExecuteAsync(ViewContext viewContext, String contentType, Nullable`1 statusCode)
   at Microsoft.AspNetCore.Mvc.ViewFeatures.ViewExecutor.ExecuteAsync(ActionContext actionContext, IView view, ViewDataDictionary viewData, ITempDataDictionary tempData, String contentType, Nullable`1 statusCode)
   at Microsoft.AspNetCore.Mvc.ViewFeatures.ViewResultExecutor.ExecuteAsync(ActionContext context, ViewResult result)
   at Microsoft.AspNetCore.Mvc.ViewResult.ExecuteResultAsync(ActionContext context)
   at Microsoft.AspNetCore.Mvc.Infrastructure.ResourceInvoker.<InvokeResultAsync>g__Logged|22_0(ResourceInvoker invoker, IActionResult result)
   at Microsoft.AspNetCore.Mvc.Infrastructure.ResourceInvoker.<InvokeNextResultFilterAsync>g__Awaited|30_0[TFilter,TFilterAsync](ResourceInvoker invoker, Task lastTask, State next, Scope scope, Object state, Boolean isCompleted)
   at Microsoft.AspNetCore.Mvc.Infrastructure.ResourceInvoker.Rethrow(ResultExecutedContextSealed context)
   at Microsoft.AspNetCore.Mvc.Infrastructure.ResourceInvoker.ResultNext[TFilter,TFilterAsync](State& next, Scope& scope, Object& state, Boolean& isCompleted)
   at Microsoft.AspNetCore.Mvc.Infrastructure.ResourceInvoker.InvokeResultFilters()
--- End of stack trace from previous location ---
   at Microsoft.AspNetCore.Mvc.Infrastructure.ResourceInvoker.<InvokeNextResourceFilter>g__Awaited|25_0(ResourceInvoker invoker, Task lastTask, State next, Scope scope, Object state, Boolean isCompleted)
   at Microsoft.AspNetCore.Mvc.Infrastructure.ResourceInvoker.Rethrow(ResourceExecutedContextSealed context)
   at Microsoft.AspNetCore.Mvc.Infrastructure.ResourceInvoker.Next(State& next, Scope& scope, Object& state, Boolean& isCompleted)
   at Microsoft.AspNetCore.Mvc.Infrastructure.ResourceInvoker.InvokeFilterPipelineAsync()
--- End of stack trace from previous location ---
   at Microsoft.AspNetCore.Mvc.Infrastructure.ResourceInvoker.<InvokeAsync>g__Logged|17_1(ResourceInvoker invoker)
   at Microsoft.AspNetCore.Mvc.Infrastructure.ResourceInvoker.<InvokeAsync>g__Logged|17_1(ResourceInvoker invoker)
   at Microsoft.AspNetCore.Routing.EndpointMiddleware.<Invoke>g__AwaitRequestTask|6_0(Endpoint endpoint, Task requestTask, ILogger logger)
   at Microsoft.AspNetCore.Authorization.AuthorizationMiddleware.Invoke(HttpContext context)
   at Microsoft.AspNetCore.Authentication.AuthenticationMiddleware.Invoke(HttpContext context)
   at Microsoft.AspNetCore.Diagnostics.DeveloperExceptionPageMiddleware.Invoke(HttpContext context)
2022-07-05T16:36:33.2893221+04:30 [WRN] (Microsoft.EntityFrameworkCore.Query) Compiling a query which loads related collections for more than one collection navigation, either via 'Include' or through projection, but no 'QuerySplittingBehavior' has been configured. By default, Entity Framework will use 'QuerySplittingBehavior.SingleQuery', which can potentially result in slow query performance. See https://go.microsoft.com/fwlink/?linkid=2134277 for more information. To identify the query that's triggering this warning call 'ConfigureWarnings(w => w.Throw(RelationalEventId.MultipleCollectionIncludeWarning))'.
2022-07-05T16:37:20.2631239+04:30 [WRN] (Microsoft.EntityFrameworkCore.Query) Compiling a query which loads related collections for more than one collection navigation, either via 'Include' or through projection, but no 'QuerySplittingBehavior' has been configured. By default, Entity Framework will use 'QuerySplittingBehavior.SingleQuery', which can potentially result in slow query performance. See https://go.microsoft.com/fwlink/?linkid=2134277 for more information. To identify the query that's triggering this warning call 'ConfigureWarnings(w => w.Throw(RelationalEventId.MultipleCollectionIncludeWarning))'.
2022-07-05T16:46:16.9647970+04:30 [WRN] (Microsoft.AspNetCore.HttpsPolicy.HttpsRedirectionMiddleware) Failed to determine the https port for redirect.
2022-07-05T16:46:18.5119722+04:30 [WRN] (Microsoft.EntityFrameworkCore.Model.Validation) Entity '"Cart"' has a global query filter defined and is the required end of a relationship with the entity '"CartPayingInfo"'. This may lead to unexpected results when the required entity is filtered out. Either configure the navigation as optional, or define matching query filters for both entities in the navigation. See https://go.microsoft.com/fwlink/?linkid=2131316 for more information.
2022-07-05T16:46:18.5126248+04:30 [WRN] (Microsoft.EntityFrameworkCore.Model.Validation) Entity '"SearchFilter"' has a global query filter defined and is the required end of a relationship with the entity '"ExcelStatus"'. This may lead to unexpected results when the required entity is filtered out. Either configure the navigation as optional, or define matching query filters for both entities in the navigation. See https://go.microsoft.com/fwlink/?linkid=2131316 for more information.
2022-07-05T16:46:18.5126971+04:30 [WRN] (Microsoft.EntityFrameworkCore.Model.Validation) Entity '"Product"' has a global query filter defined and is the required end of a relationship with the entity '"ProductInventory"'. This may lead to unexpected results when the required entity is filtered out. Either configure the navigation as optional, or define matching query filters for both entities in the navigation. See https://go.microsoft.com/fwlink/?linkid=2131316 for more information.
2022-07-05T16:53:52.7403120+04:30 [WRN] (Microsoft.AspNetCore.HttpsPolicy.HttpsRedirectionMiddleware) Failed to determine the https port for redirect.
2022-07-05T16:53:53.9547267+04:30 [WRN] (Microsoft.EntityFrameworkCore.Model.Validation) Entity '"Cart"' has a global query filter defined and is the required end of a relationship with the entity '"CartPayingInfo"'. This may lead to unexpected results when the required entity is filtered out. Either configure the navigation as optional, or define matching query filters for both entities in the navigation. See https://go.microsoft.com/fwlink/?linkid=2131316 for more information.
2022-07-05T16:53:53.9552156+04:30 [WRN] (Microsoft.EntityFrameworkCore.Model.Validation) Entity '"SearchFilter"' has a global query filter defined and is the required end of a relationship with the entity '"ExcelStatus"'. This may lead to unexpected results when the required entity is filtered out. Either configure the navigation as optional, or define matching query filters for both entities in the navigation. See https://go.microsoft.com/fwlink/?linkid=2131316 for more information.
2022-07-05T16:53:53.9552614+04:30 [WRN] (Microsoft.EntityFrameworkCore.Model.Validation) Entity '"Product"' has a global query filter defined and is the required end of a relationship with the entity '"ProductInventory"'. This may lead to unexpected results when the required entity is filtered out. Either configure the navigation as optional, or define matching query filters for both entities in the navigation. See https://go.microsoft.com/fwlink/?linkid=2131316 for more information.
2022-07-05T17:15:13.3090786+04:30 [WRN] (Microsoft.AspNetCore.HttpsPolicy.HttpsRedirectionMiddleware) Failed to determine the https port for redirect.
2022-07-05T17:15:14.9442342+04:30 [WRN] (Microsoft.EntityFrameworkCore.Model.Validation) Entity '"Cart"' has a global query filter defined and is the required end of a relationship with the entity '"CartPayingInfo"'. This may lead to unexpected results when the required entity is filtered out. Either configure the navigation as optional, or define matching query filters for both entities in the navigation. See https://go.microsoft.com/fwlink/?linkid=2131316 for more information.
2022-07-05T17:15:14.9448054+04:30 [WRN] (Microsoft.EntityFrameworkCore.Model.Validation) Entity '"SearchFilter"' has a global query filter defined and is the required end of a relationship with the entity '"ExcelStatus"'. This may lead to unexpected results when the required entity is filtered out. Either configure the navigation as optional, or define matching query filters for both entities in the navigation. See https://go.microsoft.com/fwlink/?linkid=2131316 for more information.
2022-07-05T17:15:14.9449261+04:30 [WRN] (Microsoft.EntityFrameworkCore.Model.Validation) Entity '"Product"' has a global query filter defined and is the required end of a relationship with the entity '"ProductInventory"'. This may lead to unexpected results when the required entity is filtered out. Either configure the navigation as optional, or define matching query filters for both entities in the navigation. See https://go.microsoft.com/fwlink/?linkid=2131316 for more information.
2022-07-05T17:17:27.6666421+04:30 [WRN] (Microsoft.AspNetCore.HttpsPolicy.HttpsRedirectionMiddleware) Failed to determine the https port for redirect.
2022-07-05T17:17:28.8220631+04:30 [WRN] (Microsoft.EntityFrameworkCore.Model.Validation) Entity '"Cart"' has a global query filter defined and is the required end of a relationship with the entity '"CartPayingInfo"'. This may lead to unexpected results when the required entity is filtered out. Either configure the navigation as optional, or define matching query filters for both entities in the navigation. See https://go.microsoft.com/fwlink/?linkid=2131316 for more information.
2022-07-05T17:17:28.8222345+04:30 [WRN] (Microsoft.EntityFrameworkCore.Model.Validation) Entity '"SearchFilter"' has a global query filter defined and is the required end of a relationship with the entity '"ExcelStatus"'. This may lead to unexpected results when the required entity is filtered out. Either configure the navigation as optional, or define matching query filters for both entities in the navigation. See https://go.microsoft.com/fwlink/?linkid=2131316 for more information.
2022-07-05T17:17:28.8222795+04:30 [WRN] (Microsoft.EntityFrameworkCore.Model.Validation) Entity '"Product"' has a global query filter defined and is the required end of a relationship with the entity '"ProductInventory"'. This may lead to unexpected results when the required entity is filtered out. Either configure the navigation as optional, or define matching query filters for both entities in the navigation. See https://go.microsoft.com/fwlink/?linkid=2131316 for more information.
2022-07-05T17:20:31.1964878+04:30 [WRN] (Microsoft.AspNetCore.HttpsPolicy.HttpsRedirectionMiddleware) Failed to determine the https port for redirect.
2022-07-05T17:20:32.5587007+04:30 [WRN] (Microsoft.EntityFrameworkCore.Model.Validation) Entity '"Cart"' has a global query filter defined and is the required end of a relationship with the entity '"CartPayingInfo"'. This may lead to unexpected results when the required entity is filtered out. Either configure the navigation as optional, or define matching query filters for both entities in the navigation. See https://go.microsoft.com/fwlink/?linkid=2131316 for more information.
2022-07-05T17:20:32.5592545+04:30 [WRN] (Microsoft.EntityFrameworkCore.Model.Validation) Entity '"SearchFilter"' has a global query filter defined and is the required end of a relationship with the entity '"ExcelStatus"'. This may lead to unexpected results when the required entity is filtered out. Either configure the navigation as optional, or define matching query filters for both entities in the navigation. See https://go.microsoft.com/fwlink/?linkid=2131316 for more information.
2022-07-05T17:20:32.5593033+04:30 [WRN] (Microsoft.EntityFrameworkCore.Model.Validation) Entity '"Product"' has a global query filter defined and is the required end of a relationship with the entity '"ProductInventory"'. This may lead to unexpected results when the required entity is filtered out. Either configure the navigation as optional, or define matching query filters for both entities in the navigation. See https://go.microsoft.com/fwlink/?linkid=2131316 for more information.
2022-07-05T17:21:20.6943097+04:30 [WRN] (Microsoft.AspNetCore.HttpsPolicy.HttpsRedirectionMiddleware) Failed to determine the https port for redirect.
2022-07-05T17:21:22.0671730+04:30 [WRN] (Microsoft.EntityFrameworkCore.Model.Validation) Entity '"Cart"' has a global query filter defined and is the required end of a relationship with the entity '"CartPayingInfo"'. This may lead to unexpected results when the required entity is filtered out. Either configure the navigation as optional, or define matching query filters for both entities in the navigation. See https://go.microsoft.com/fwlink/?linkid=2131316 for more information.
2022-07-05T17:21:22.0677161+04:30 [WRN] (Microsoft.EntityFrameworkCore.Model.Validation) Entity '"SearchFilter"' has a global query filter defined and is the required end of a relationship with the entity '"ExcelStatus"'. This may lead to unexpected results when the required entity is filtered out. Either configure the navigation as optional, or define matching query filters for both entities in the navigation. See https://go.microsoft.com/fwlink/?linkid=2131316 for more information.
2022-07-05T17:21:22.0677771+04:30 [WRN] (Microsoft.EntityFrameworkCore.Model.Validation) Entity '"Product"' has a global query filter defined and is the required end of a relationship with the entity '"ProductInventory"'. This may lead to unexpected results when the required entity is filtered out. Either configure the navigation as optional, or define matching query filters for both entities in the navigation. See https://go.microsoft.com/fwlink/?linkid=2131316 for more information.
2022-07-05T17:23:27.7135200+04:30 [WRN] (Microsoft.AspNetCore.HttpsPolicy.HttpsRedirectionMiddleware) Failed to determine the https port for redirect.
2022-07-05T17:23:29.0754328+04:30 [WRN] (Microsoft.EntityFrameworkCore.Model.Validation) Entity '"Cart"' has a global query filter defined and is the required end of a relationship with the entity '"CartPayingInfo"'. This may lead to unexpected results when the required entity is filtered out. Either configure the navigation as optional, or define matching query filters for both entities in the navigation. See https://go.microsoft.com/fwlink/?linkid=2131316 for more information.
2022-07-05T17:23:29.0759175+04:30 [WRN] (Microsoft.EntityFrameworkCore.Model.Validation) Entity '"SearchFilter"' has a global query filter defined and is the required end of a relationship with the entity '"ExcelStatus"'. This may lead to unexpected results when the required entity is filtered out. Either configure the navigation as optional, or define matching query filters for both entities in the navigation. See https://go.microsoft.com/fwlink/?linkid=2131316 for more information.
2022-07-05T17:23:29.0759595+04:30 [WRN] (Microsoft.EntityFrameworkCore.Model.Validation) Entity '"Product"' has a global query filter defined and is the required end of a relationship with the entity '"ProductInventory"'. This may lead to unexpected results when the required entity is filtered out. Either configure the navigation as optional, or define matching query filters for both entities in the navigation. See https://go.microsoft.com/fwlink/?linkid=2131316 for more information.
2022-07-05T17:32:09.0534422+04:30 [WRN] (Microsoft.AspNetCore.HttpsPolicy.HttpsRedirectionMiddleware) Failed to determine the https port for redirect.
2022-07-05T17:32:11.3433033+04:30 [WRN] (Microsoft.EntityFrameworkCore.Model.Validation) Entity '"Cart"' has a global query filter defined and is the required end of a relationship with the entity '"CartPayingInfo"'. This may lead to unexpected results when the required entity is filtered out. Either configure the navigation as optional, or define matching query filters for both entities in the navigation. See https://go.microsoft.com/fwlink/?linkid=2131316 for more information.
2022-07-05T17:32:11.3444353+04:30 [WRN] (Microsoft.EntityFrameworkCore.Model.Validation) Entity '"SearchFilter"' has a global query filter defined and is the required end of a relationship with the entity '"ExcelStatus"'. This may lead to unexpected results when the required entity is filtered out. Either configure the navigation as optional, or define matching query filters for both entities in the navigation. See https://go.microsoft.com/fwlink/?linkid=2131316 for more information.
2022-07-05T17:32:11.3445194+04:30 [WRN] (Microsoft.EntityFrameworkCore.Model.Validation) Entity '"Product"' has a global query filter defined and is the required end of a relationship with the entity '"ProductInventory"'. This may lead to unexpected results when the required entity is filtered out. Either configure the navigation as optional, or define matching query filters for both entities in the navigation. See https://go.microsoft.com/fwlink/?linkid=2131316 for more information.
